{"E:\\SkillBox Project\\react\\final-react\\react_project\\Project\\src\\App.tsx": {"path":"E:\\SkillBox Project\\react\\final-react\\react_project\\Project\\src\\App.tsx","statementMap":{"0":{"start":{"line":11,"column":7},"end":{"line":11,"column":null}},"1":{"start":{"line":13,"column":1},"end":{"line":15,"column":null}},"2":{"start":{"line":14,"column":2},"end":{"line":14,"column":null}},"3":{"start":{"line":16,"column":1},"end":{"line":34,"column":null}}},"fnMap":{"0":{"name":"App","decl":{"start":{"line":10,"column":9},"end":{"line":10,"column":15}},"loc":{"start":{"line":10,"column":15},"end":{"line":36,"column":null}},"line":10},"1":{"name":"(anonymous_1)","decl":{"start":{"line":13,"column":1},"end":{"line":13,"column":17}},"loc":{"start":{"line":13,"column":17},"end":{"line":15,"column":4}},"line":13}},"branchMap":{},"s":{"0":0,"1":0,"2":0,"3":0},"f":{"0":0,"1":0},"b":{},"meta":{"lastBranch":0,"lastFunction":2,"lastStatement":4,"seen":{"f:10:9:10:15":0,"s:11:7:11:Infinity":0,"s:13:1:15:Infinity":1,"f:13:1:13:17":1,"s:14:2:14:Infinity":2,"s:16:1:34:Infinity":3}}}
,"E:\\SkillBox Project\\react\\final-react\\react_project\\Project\\src\\components\\features\\AuthModal\\AuthModal.tsx": {"path":"E:\\SkillBox Project\\react\\final-react\\react_project\\Project\\src\\components\\features\\AuthModal\\AuthModal.tsx","statementMap":{"0":{"start":{"line":14,"column":7},"end":{"line":14,"column":null}},"1":{"start":{"line":15,"column":26},"end":{"line":17,"column":null}},"2":{"start":{"line":16,"column":13},"end":{"line":16,"column":null}},"3":{"start":{"line":19,"column":17},"end":{"line":19,"column":null}},"4":{"start":{"line":21,"column":7},"end":{"line":23,"column":null}},"5":{"start":{"line":22,"column":2},"end":{"line":22,"column":null}},"6":{"start":{"line":25,"column":7},"end":{"line":28,"column":null}},"7":{"start":{"line":26,"column":18},"end":{"line":26,"column":null}},"8":{"start":{"line":27,"column":2},"end":{"line":27,"column":null}},"9":{"start":{"line":30,"column":1},"end":{"line":45,"column":null}}},"fnMap":{"0":{"name":"AuthModal","decl":{"start":{"line":13,"column":9},"end":{"line":13,"column":21}},"loc":{"start":{"line":13,"column":21},"end":{"line":47,"column":null}},"line":13},"1":{"name":"(anonymous_1)","decl":{"start":{"line":15,"column":44},"end":{"line":15,"column":null}},"loc":{"start":{"line":16,"column":13},"end":{"line":16,"column":null}},"line":16},"2":{"name":"(anonymous_2)","decl":{"start":{"line":21,"column":21},"end":{"line":21,"column":39}},"loc":{"start":{"line":21,"column":39},"end":{"line":23,"column":4}},"line":21},"3":{"name":"(anonymous_3)","decl":{"start":{"line":25,"column":26},"end":{"line":25,"column":44}},"loc":{"start":{"line":25,"column":44},"end":{"line":28,"column":4}},"line":25}},"branchMap":{"0":{"loc":{"start":{"line":26,"column":18},"end":{"line":26,"column":null}},"type":"cond-expr","locations":[{"start":{"line":26,"column":28},"end":{"line":26,"column":41}},{"start":{"line":26,"column":41},"end":{"line":26,"column":null}}],"line":26},"1":{"loc":{"start":{"line":38,"column":5},"end":{"line":43,"column":null}},"type":"cond-expr","locations":[{"start":{"line":39,"column":5},"end":{"line":41,"column":6}},{"start":{"line":41,"column":5},"end":{"line":43,"column":null}}],"line":38}},"s":{"0":0,"1":0,"2":0,"3":0,"4":0,"5":0,"6":0,"7":0,"8":0,"9":0},"f":{"0":0,"1":0,"2":0,"3":0},"b":{"0":[0,0],"1":[0,0]},"meta":{"lastBranch":2,"lastFunction":4,"lastStatement":10,"seen":{"f:13:9:13:21":0,"s:14:7:14:Infinity":0,"s:15:26:17:Infinity":1,"f:15:44:15:Infinity":1,"s:16:13:16:Infinity":2,"s:19:17:19:Infinity":3,"s:21:7:23:Infinity":4,"f:21:21:21:39":2,"s:22:2:22:Infinity":5,"s:25:7:28:Infinity":6,"f:25:26:25:44":3,"s:26:18:26:Infinity":7,"b:26:28:26:41:26:41:26:Infinity":0,"s:27:2:27:Infinity":8,"s:30:1:45:Infinity":9,"b:39:5:41:6:41:5:43:Infinity":1}}}
,"E:\\SkillBox Project\\react\\final-react\\react_project\\Project\\src\\components\\features\\AuthModal\\LoginForm.tsx": {"path":"E:\\SkillBox Project\\react\\final-react\\react_project\\Project\\src\\components\\features\\AuthModal\\LoginForm.tsx","statementMap":{"0":{"start":{"line":17,"column":7},"end":{"line":17,"column":null}},"1":{"start":{"line":23,"column":2},"end":{"line":26,"column":null}},"2":{"start":{"line":28,"column":7},"end":{"line":46,"column":null}},"3":{"start":{"line":30,"column":3},"end":{"line":43,"column":null}},"4":{"start":{"line":31,"column":4},"end":{"line":31,"column":null}},"5":{"start":{"line":32,"column":4},"end":{"line":32,"column":null}},"6":{"start":{"line":33,"column":4},"end":{"line":33,"column":null}},"7":{"start":{"line":34,"column":4},"end":{"line":36,"column":null}},"8":{"start":{"line":38,"column":4},"end":{"line":42,"column":null}},"9":{"start":{"line":39,"column":5},"end":{"line":39,"column":null}},"10":{"start":{"line":41,"column":5},"end":{"line":41,"column":null}},"11":{"start":{"line":48,"column":1},"end":{"line":81,"column":null}}},"fnMap":{"0":{"name":"LoginForm","decl":{"start":{"line":16,"column":9},"end":{"line":16,"column":19}},"loc":{"start":{"line":16,"column":62},"end":{"line":83,"column":null}},"line":16},"1":{"name":"(anonymous_1)","decl":{"start":{"line":29,"column":2},"end":{"line":29,"column":9}},"loc":{"start":{"line":29,"column":33},"end":{"line":44,"column":null}},"line":29}},"branchMap":{"0":{"loc":{"start":{"line":38,"column":4},"end":{"line":42,"column":null}},"type":"if","locations":[{"start":{"line":38,"column":4},"end":{"line":42,"column":null}},{"start":{"line":40,"column":11},"end":{"line":42,"column":null}}],"line":38}},"s":{"0":0,"1":0,"2":0,"3":0,"4":0,"5":0,"6":0,"7":0,"8":0,"9":0,"10":0,"11":0},"f":{"0":0,"1":0},"b":{"0":[0,0]},"meta":{"lastBranch":1,"lastFunction":2,"lastStatement":12,"seen":{"f:16:9:16:19":0,"s:17:7:17:Infinity":0,"s:23:2:26:Infinity":1,"s:28:7:46:Infinity":2,"f:29:2:29:9":1,"s:30:3:43:Infinity":3,"s:31:4:31:Infinity":4,"s:32:4:32:Infinity":5,"s:33:4:33:Infinity":6,"s:34:4:36:Infinity":7,"b:38:4:42:Infinity:40:11:42:Infinity":0,"s:38:4:42:Infinity":8,"s:39:5:39:Infinity":9,"s:41:5:41:Infinity":10,"s:48:1:81:Infinity":11}}}
,"E:\\SkillBox Project\\react\\final-react\\react_project\\Project\\src\\components\\features\\AuthModal\\RegisterForm.tsx": {"path":"E:\\SkillBox Project\\react\\final-react\\react_project\\Project\\src\\components\\features\\AuthModal\\RegisterForm.tsx","statementMap":{"0":{"start":{"line":22,"column":7},"end":{"line":22,"column":null}},"1":{"start":{"line":23,"column":7},"end":{"line":23,"column":null}},"2":{"start":{"line":30,"column":2},"end":{"line":33,"column":null}},"3":{"start":{"line":35,"column":25},"end":{"line":35,"column":null}},"4":{"start":{"line":36,"column":32},"end":{"line":36,"column":null}},"5":{"start":{"line":38,"column":7},"end":{"line":65,"column":null}},"6":{"start":{"line":40,"column":3},"end":{"line":62,"column":null}},"7":{"start":{"line":41,"column":25},"end":{"line":46,"column":null}},"8":{"start":{"line":48,"column":4},"end":{"line":48,"column":null}},"9":{"start":{"line":50,"column":4},"end":{"line":50,"column":null}},"10":{"start":{"line":51,"column":4},"end":{"line":51,"column":null}},"11":{"start":{"line":52,"column":4},"end":{"line":52,"column":null}},"12":{"start":{"line":53,"column":4},"end":{"line":55,"column":null}},"13":{"start":{"line":57,"column":4},"end":{"line":61,"column":null}},"14":{"start":{"line":58,"column":5},"end":{"line":58,"column":null}},"15":{"start":{"line":60,"column":5},"end":{"line":60,"column":null}},"16":{"start":{"line":67,"column":7},"end":{"line":69,"column":null}},"17":{"start":{"line":68,"column":2},"end":{"line":68,"column":null}},"18":{"start":{"line":71,"column":1},"end":{"line":149,"column":null}}},"fnMap":{"0":{"name":"RegisterForm","decl":{"start":{"line":21,"column":9},"end":{"line":21,"column":22}},"loc":{"start":{"line":21,"column":68},"end":{"line":151,"column":null}},"line":21},"1":{"name":"(anonymous_1)","decl":{"start":{"line":38,"column":18},"end":{"line":38,"column":null}},"loc":{"start":{"line":39,"column":30},"end":{"line":63,"column":null}},"line":39},"2":{"name":"(anonymous_2)","decl":{"start":{"line":67,"column":24},"end":{"line":67,"column":38}},"loc":{"start":{"line":67,"column":38},"end":{"line":69,"column":4}},"line":67}},"branchMap":{"0":{"loc":{"start":{"line":57,"column":4},"end":{"line":61,"column":null}},"type":"if","locations":[{"start":{"line":57,"column":4},"end":{"line":61,"column":null}},{"start":{"line":59,"column":11},"end":{"line":61,"column":null}}],"line":57},"1":{"loc":{"start":{"line":119,"column":5},"end":{"line":126,"column":null}},"type":"binary-expr","locations":[{"start":{"line":119,"column":5},"end":{"line":119,"column":24}},{"start":{"line":119,"column":24},"end":{"line":119,"column":null}},{"start":{"line":120,"column":5},"end":{"line":126,"column":null}}],"line":119},"2":{"loc":{"start":{"line":122,"column":7},"end":{"line":124,"column":null}},"type":"cond-expr","locations":[{"start":{"line":123,"column":10},"end":{"line":123,"column":null}},{"start":{"line":124,"column":10},"end":{"line":124,"column":null}}],"line":122},"3":{"loc":{"start":{"line":137,"column":6},"end":{"line":137,"column":null}},"type":"cond-expr","locations":[{"start":{"line":137,"column":21},"end":{"line":137,"column":40}},{"start":{"line":137,"column":40},"end":{"line":137,"column":null}}],"line":137}},"s":{"0":0,"1":0,"2":0,"3":0,"4":0,"5":0,"6":0,"7":0,"8":0,"9":0,"10":0,"11":0,"12":0,"13":0,"14":0,"15":0,"16":0,"17":0,"18":0},"f":{"0":0,"1":0,"2":0},"b":{"0":[0,0],"1":[0,0,0],"2":[0,0],"3":[0,0]},"meta":{"lastBranch":4,"lastFunction":3,"lastStatement":19,"seen":{"f:21:9:21:22":0,"s:22:7:22:Infinity":0,"s:23:7:23:Infinity":1,"s:30:2:33:Infinity":2,"s:35:25:35:Infinity":3,"s:36:32:36:Infinity":4,"s:38:7:65:Infinity":5,"f:38:18:38:Infinity":1,"s:40:3:62:Infinity":6,"s:41:25:46:Infinity":7,"s:48:4:48:Infinity":8,"s:50:4:50:Infinity":9,"s:51:4:51:Infinity":10,"s:52:4:52:Infinity":11,"s:53:4:55:Infinity":12,"b:57:4:61:Infinity:59:11:61:Infinity":0,"s:57:4:61:Infinity":13,"s:58:5:58:Infinity":14,"s:60:5:60:Infinity":15,"s:67:7:69:Infinity":16,"f:67:24:67:38":2,"s:68:2:68:Infinity":17,"s:71:1:149:Infinity":18,"b:119:5:119:24:119:24:119:Infinity:120:5:126:Infinity":1,"b:123:10:123:Infinity:124:10:124:Infinity":2,"b:137:21:137:40:137:40:137:Infinity":3}}}
,"E:\\SkillBox Project\\react\\final-react\\react_project\\Project\\src\\components\\features\\AuthModal\\RegistrationSuccessModal.tsx": {"path":"E:\\SkillBox Project\\react\\final-react\\react_project\\Project\\src\\components\\features\\AuthModal\\RegistrationSuccessModal.tsx","statementMap":{"0":{"start":{"line":10,"column":7},"end":{"line":10,"column":null}},"1":{"start":{"line":11,"column":9},"end":{"line":13,"column":null}},"2":{"start":{"line":12,"column":13},"end":{"line":12,"column":null}},"3":{"start":{"line":15,"column":7},"end":{"line":17,"column":null}},"4":{"start":{"line":16,"column":2},"end":{"line":16,"column":null}},"5":{"start":{"line":19,"column":7},"end":{"line":22,"column":null}},"6":{"start":{"line":20,"column":2},"end":{"line":20,"column":null}},"7":{"start":{"line":21,"column":2},"end":{"line":21,"column":null}},"8":{"start":{"line":24,"column":1},"end":{"line":42,"column":null}}},"fnMap":{"0":{"name":"RegistrationSuccessModal","decl":{"start":{"line":9,"column":9},"end":{"line":9,"column":36}},"loc":{"start":{"line":9,"column":36},"end":{"line":44,"column":null}},"line":9},"1":{"name":"(anonymous_1)","decl":{"start":{"line":11,"column":44},"end":{"line":11,"column":null}},"loc":{"start":{"line":12,"column":13},"end":{"line":12,"column":null}},"line":12},"2":{"name":"(anonymous_2)","decl":{"start":{"line":15,"column":7},"end":{"line":15,"column":27}},"loc":{"start":{"line":15,"column":27},"end":{"line":17,"column":null}},"line":15},"3":{"name":"(anonymous_3)","decl":{"start":{"line":19,"column":7},"end":{"line":19,"column":27}},"loc":{"start":{"line":19,"column":27},"end":{"line":22,"column":null}},"line":19}},"branchMap":{},"s":{"0":0,"1":0,"2":0,"3":0,"4":0,"5":0,"6":0,"7":0,"8":0},"f":{"0":0,"1":0,"2":0,"3":0},"b":{},"meta":{"lastBranch":0,"lastFunction":4,"lastStatement":9,"seen":{"f:9:9:9:36":0,"s:10:7:10:Infinity":0,"s:11:9:13:Infinity":1,"f:11:44:11:Infinity":1,"s:12:13:12:Infinity":2,"s:15:7:17:Infinity":3,"f:15:7:15:27":2,"s:16:2:16:Infinity":4,"s:19:7:22:Infinity":5,"f:19:7:19:27":3,"s:20:2:20:Infinity":6,"s:21:2:21:Infinity":7,"s:24:1:42:Infinity":8}}}
,"E:\\SkillBox Project\\react\\final-react\\react_project\\Project\\src\\components\\features\\GenresList\\GenresList.tsx": {"path":"E:\\SkillBox Project\\react\\final-react\\react_project\\Project\\src\\components\\features\\GenresList\\GenresList.tsx","statementMap":{"0":{"start":{"line":9,"column":24},"end":{"line":9,"column":null}},"1":{"start":{"line":11,"column":1},"end":{"line":17,"column":null}},"2":{"start":{"line":12,"column":2},"end":{"line":15,"column":null}},"3":{"start":{"line":19,"column":1},"end":{"line":37,"column":null}},"4":{"start":{"line":26,"column":6},"end":{"line":33,"column":null}}},"fnMap":{"0":{"name":"GenresList","decl":{"start":{"line":8,"column":9},"end":{"line":8,"column":22}},"loc":{"start":{"line":8,"column":22},"end":{"line":39,"column":null}},"line":8},"1":{"name":"(anonymous_1)","decl":{"start":{"line":25,"column":12},"end":{"line":25,"column":17}},"loc":{"start":{"line":26,"column":6},"end":{"line":33,"column":null}},"line":26}},"branchMap":{"0":{"loc":{"start":{"line":11,"column":1},"end":{"line":17,"column":null}},"type":"if","locations":[{"start":{"line":11,"column":1},"end":{"line":17,"column":null}},{"start":{},"end":{}}],"line":11},"1":{"loc":{"start":{"line":21,"column":4},"end":{"line":37,"column":null}},"type":"cond-expr","locations":[{"start":{"line":22,"column":4},"end":{"line":24,"column":5}},{"start":{"line":24,"column":4},"end":{"line":37,"column":null}}],"line":21}},"s":{"0":0,"1":0,"2":0,"3":0,"4":0},"f":{"0":0,"1":0},"b":{"0":[0,0],"1":[0,0]},"meta":{"lastBranch":2,"lastFunction":2,"lastStatement":5,"seen":{"f:8:9:8:22":0,"s:9:24:9:Infinity":0,"b:11:1:17:Infinity:undefined:undefined:undefined:undefined":0,"s:11:1:17:Infinity":1,"s:12:2:15:Infinity":2,"s:19:1:37:Infinity":3,"b:22:4:24:5:24:4:37:Infinity":1,"f:25:12:25:17":1,"s:26:6:33:Infinity":4}}}
,"E:\\SkillBox Project\\react\\final-react\\react_project\\Project\\src\\components\\features\\LogoutModal\\LogoutModal.tsx": {"path":"E:\\SkillBox Project\\react\\final-react\\react_project\\Project\\src\\components\\features\\LogoutModal\\LogoutModal.tsx","statementMap":{"0":{"start":{"line":11,"column":13},"end":{"line":66,"column":null}},"1":{"start":{"line":12,"column":7},"end":{"line":12,"column":null}},"2":{"start":{"line":13,"column":7},"end":{"line":13,"column":null}},"3":{"start":{"line":14,"column":9},"end":{"line":14,"column":null}},"4":{"start":{"line":14,"column":64},"end":{"line":14,"column":72}},"5":{"start":{"line":16,"column":7},"end":{"line":18,"column":null}},"6":{"start":{"line":17,"column":2},"end":{"line":17,"column":null}},"7":{"start":{"line":20,"column":7},"end":{"line":32,"column":null}},"8":{"start":{"line":21,"column":2},"end":{"line":31,"column":null}},"9":{"start":{"line":22,"column":3},"end":{"line":22,"column":null}},"10":{"start":{"line":23,"column":3},"end":{"line":23,"column":null}},"11":{"start":{"line":24,"column":3},"end":{"line":24,"column":null}},"12":{"start":{"line":26,"column":3},"end":{"line":30,"column":null}},"13":{"start":{"line":27,"column":4},"end":{"line":27,"column":null}},"14":{"start":{"line":29,"column":4},"end":{"line":29,"column":null}},"15":{"start":{"line":34,"column":1},"end":{"line":64,"column":null}}},"fnMap":{"0":{"name":"(anonymous_0)","decl":{"start":{"line":11,"column":34},"end":{"line":11,"column":45}},"loc":{"start":{"line":11,"column":45},"end":{"line":66,"column":1}},"line":11},"1":{"name":"(anonymous_1)","decl":{"start":{"line":14,"column":38},"end":{"line":14,"column":54}},"loc":{"start":{"line":14,"column":64},"end":{"line":14,"column":72}},"line":14},"2":{"name":"(anonymous_2)","decl":{"start":{"line":16,"column":21},"end":{"line":16,"column":39}},"loc":{"start":{"line":16,"column":39},"end":{"line":18,"column":4}},"line":16},"3":{"name":"(anonymous_3)","decl":{"start":{"line":20,"column":23},"end":{"line":20,"column":41}},"loc":{"start":{"line":20,"column":41},"end":{"line":32,"column":4}},"line":20}},"branchMap":{"0":{"loc":{"start":{"line":26,"column":3},"end":{"line":30,"column":null}},"type":"if","locations":[{"start":{"line":26,"column":3},"end":{"line":30,"column":null}},{"start":{"line":28,"column":10},"end":{"line":30,"column":null}}],"line":26}},"s":{"0":0,"1":0,"2":0,"3":0,"4":0,"5":0,"6":0,"7":0,"8":0,"9":0,"10":0,"11":0,"12":0,"13":0,"14":0,"15":0},"f":{"0":0,"1":0,"2":0,"3":0},"b":{"0":[0,0]},"meta":{"lastBranch":1,"lastFunction":4,"lastStatement":16,"seen":{"s:11:13:66:Infinity":0,"f:11:34:11:45":0,"s:12:7:12:Infinity":1,"s:13:7:13:Infinity":2,"s:14:9:14:Infinity":3,"f:14:38:14:54":1,"s:14:64:14:72":4,"s:16:7:18:Infinity":5,"f:16:21:16:39":2,"s:17:2:17:Infinity":6,"s:20:7:32:Infinity":7,"f:20:23:20:41":3,"s:21:2:31:Infinity":8,"s:22:3:22:Infinity":9,"s:23:3:23:Infinity":10,"s:24:3:24:Infinity":11,"b:26:3:30:Infinity:28:10:30:Infinity":0,"s:26:3:30:Infinity":12,"s:27:4:27:Infinity":13,"s:29:4:29:Infinity":14,"s:34:1:64:Infinity":15}}}
,"E:\\SkillBox Project\\react\\final-react\\react_project\\Project\\src\\components\\features\\MoviesByGenre\\MoviesByGenre.tsx": {"path":"E:\\SkillBox Project\\react\\final-react\\react_project\\Project\\src\\components\\features\\MoviesByGenre\\MoviesByGenre.tsx","statementMap":{"0":{"start":{"line":24,"column":7},"end":{"line":24,"column":null}},"1":{"start":{"line":25,"column":7},"end":{"line":25,"column":null}},"2":{"start":{"line":25,"column":22},"end":{"line":25,"column":null}},"3":{"start":{"line":26,"column":1},"end":{"line":45,"column":null}}},"fnMap":{"0":{"name":"MoviesByGenre","decl":{"start":{"line":17,"column":9},"end":{"line":17,"column":23}},"loc":{"start":{"line":23,"column":24},"end":{"line":47,"column":null}},"line":23},"1":{"name":"(anonymous_1)","decl":{"start":{"line":25,"column":7},"end":{"line":25,"column":22}},"loc":{"start":{"line":25,"column":22},"end":{"line":25,"column":null}},"line":25}},"branchMap":{"0":{"loc":{"start":{"line":21,"column":1},"end":{"line":21,"column":null}},"type":"default-arg","locations":[{"start":{"line":21,"column":11},"end":{"line":21,"column":null}}],"line":21},"1":{"loc":{"start":{"line":22,"column":1},"end":{"line":22,"column":null}},"type":"default-arg","locations":[{"start":{"line":22,"column":17},"end":{"line":22,"column":null}}],"line":22},"2":{"loc":{"start":{"line":33,"column":4},"end":{"line":43,"column":null}},"type":"binary-expr","locations":[{"start":{"line":33,"column":4},"end":{"line":33,"column":null}},{"start":{"line":34,"column":4},"end":{"line":43,"column":null}}],"line":33},"3":{"loc":{"start":{"line":41,"column":7},"end":{"line":41,"column":null}},"type":"cond-expr","locations":[{"start":{"line":41,"column":23},"end":{"line":41,"column":null}},{"start":{"line":41,"column":36},"end":{"line":41,"column":null}}],"line":41}},"s":{"0":0,"1":0,"2":0,"3":0},"f":{"0":0,"1":0},"b":{"0":[0],"1":[0],"2":[0,0],"3":[0,0]},"meta":{"lastBranch":4,"lastFunction":2,"lastStatement":4,"seen":{"f:17:9:17:23":0,"b:21:11:21:Infinity":0,"b:22:17:22:Infinity":1,"s:24:7:24:Infinity":0,"s:25:7:25:Infinity":1,"f:25:7:25:22":1,"s:25:22:25:Infinity":2,"s:26:1:45:Infinity":3,"b:33:4:33:Infinity:34:4:43:Infinity":2,"b:41:23:41:Infinity:41:36:41:Infinity":3}}}
,"E:\\SkillBox Project\\react\\final-react\\react_project\\Project\\src\\components\\features\\RandomMovie\\RandomMovie.tsx": {"path":"E:\\SkillBox Project\\react\\final-react\\react_project\\Project\\src\\components\\features\\RandomMovie\\RandomMovie.tsx","statementMap":{"0":{"start":{"line":14,"column":2},"end":{"line":15,"column":null}},"1":{"start":{"line":17,"column":7},"end":{"line":19,"column":null}},"2":{"start":{"line":18,"column":2},"end":{"line":18,"column":null}},"3":{"start":{"line":21,"column":1},"end":{"line":30,"column":null}},"4":{"start":{"line":22,"column":2},"end":{"line":28,"column":null}},"5":{"start":{"line":32,"column":1},"end":{"line":39,"column":null}}},"fnMap":{"0":{"name":"RandomMovie","decl":{"start":{"line":8,"column":9},"end":{"line":8,"column":23}},"loc":{"start":{"line":8,"column":23},"end":{"line":41,"column":null}},"line":8},"1":{"name":"(anonymous_1)","decl":{"start":{"line":17,"column":23},"end":{"line":17,"column":41}},"loc":{"start":{"line":17,"column":41},"end":{"line":19,"column":4}},"line":17}},"branchMap":{"0":{"loc":{"start":{"line":21,"column":1},"end":{"line":30,"column":null}},"type":"if","locations":[{"start":{"line":21,"column":1},"end":{"line":30,"column":null}},{"start":{},"end":{}}],"line":21},"1":{"loc":{"start":{"line":21,"column":5},"end":{"line":21,"column":22}},"type":"binary-expr","locations":[{"start":{"line":21,"column":5},"end":{"line":21,"column":14}},{"start":{"line":21,"column":14},"end":{"line":21,"column":22}}],"line":21},"2":{"loc":{"start":{"line":34,"column":4},"end":{"line":37,"column":null}},"type":"cond-expr","locations":[{"start":{"line":35,"column":4},"end":{"line":37,"column":5}},{"start":{"line":37,"column":4},"end":{"line":37,"column":null}}],"line":34}},"s":{"0":0,"1":0,"2":0,"3":0,"4":0,"5":0},"f":{"0":0,"1":0},"b":{"0":[0,0],"1":[0,0],"2":[0,0]},"meta":{"lastBranch":3,"lastFunction":2,"lastStatement":6,"seen":{"f:8:9:8:23":0,"s:14:2:15:Infinity":0,"s:17:7:19:Infinity":1,"f:17:23:17:41":1,"s:18:2:18:Infinity":2,"b:21:1:30:Infinity:undefined:undefined:undefined:undefined":0,"s:21:1:30:Infinity":3,"b:21:5:21:14:21:14:21:22":1,"s:22:2:28:Infinity":4,"s:32:1:39:Infinity":5,"b:35:4:37:5:37:4:37:Infinity":2}}}
,"E:\\SkillBox Project\\react\\final-react\\react_project\\Project\\src\\components\\features\\SearchModal\\SearchModal.tsx": {"path":"E:\\SkillBox Project\\react\\final-react\\react_project\\Project\\src\\components\\features\\SearchModal\\SearchModal.tsx","statementMap":{"0":{"start":{"line":27,"column":7},"end":{"line":27,"column":null}},"1":{"start":{"line":29,"column":7},"end":{"line":31,"column":null}},"2":{"start":{"line":30,"column":2},"end":{"line":30,"column":null}},"3":{"start":{"line":33,"column":1},"end":{"line":54,"column":null}},"4":{"start":{"line":34,"column":8},"end":{"line":45,"column":null}},"5":{"start":{"line":35,"column":3},"end":{"line":40,"column":null}},"6":{"start":{"line":39,"column":4},"end":{"line":39,"column":null}},"7":{"start":{"line":42,"column":3},"end":{"line":44,"column":null}},"8":{"start":{"line":43,"column":4},"end":{"line":43,"column":null}},"9":{"start":{"line":47,"column":2},"end":{"line":49,"column":null}},"10":{"start":{"line":48,"column":3},"end":{"line":48,"column":null}},"11":{"start":{"line":51,"column":2},"end":{"line":53,"column":null}},"12":{"start":{"line":52,"column":3},"end":{"line":52,"column":null}},"13":{"start":{"line":56,"column":1},"end":{"line":68,"column":null}},"14":{"start":{"line":57,"column":8},"end":{"line":59,"column":null}},"15":{"start":{"line":58,"column":3},"end":{"line":58,"column":null}},"16":{"start":{"line":58,"column":27},"end":{"line":58,"column":null}},"17":{"start":{"line":61,"column":2},"end":{"line":63,"column":null}},"18":{"start":{"line":62,"column":3},"end":{"line":62,"column":null}},"19":{"start":{"line":65,"column":2},"end":{"line":67,"column":null}},"20":{"start":{"line":66,"column":3},"end":{"line":66,"column":null}},"21":{"start":{"line":70,"column":1},"end":{"line":112,"column":null}},"22":{"start":{"line":80,"column":7},"end":{"line":103,"column":null}}},"fnMap":{"0":{"name":"SearchModal","decl":{"start":{"line":18,"column":9},"end":{"line":18,"column":21}},"loc":{"start":{"line":26,"column":21},"end":{"line":114,"column":null}},"line":26},"1":{"name":"(anonymous_1)","decl":{"start":{"line":29,"column":21},"end":{"line":29,"column":39}},"loc":{"start":{"line":29,"column":39},"end":{"line":31,"column":4}},"line":29},"2":{"name":"(anonymous_2)","decl":{"start":{"line":33,"column":1},"end":{"line":33,"column":17}},"loc":{"start":{"line":33,"column":17},"end":{"line":54,"column":4}},"line":33},"3":{"name":"(anonymous_3)","decl":{"start":{"line":34,"column":8},"end":{"line":34,"column":30}},"loc":{"start":{"line":34,"column":48},"end":{"line":45,"column":null}},"line":34},"4":{"name":"(anonymous_4)","decl":{"start":{"line":51,"column":2},"end":{"line":51,"column":15}},"loc":{"start":{"line":51,"column":15},"end":{"line":53,"column":null}},"line":51},"5":{"name":"(anonymous_5)","decl":{"start":{"line":56,"column":1},"end":{"line":56,"column":17}},"loc":{"start":{"line":56,"column":17},"end":{"line":68,"column":4}},"line":56},"6":{"name":"(anonymous_6)","decl":{"start":{"line":57,"column":8},"end":{"line":57,"column":24}},"loc":{"start":{"line":57,"column":45},"end":{"line":59,"column":null}},"line":57},"7":{"name":"(anonymous_7)","decl":{"start":{"line":65,"column":2},"end":{"line":65,"column":15}},"loc":{"start":{"line":65,"column":15},"end":{"line":67,"column":null}},"line":65},"8":{"name":"(anonymous_8)","decl":{"start":{"line":79,"column":26},"end":{"line":79,"column":31}},"loc":{"start":{"line":80,"column":7},"end":{"line":103,"column":null}},"line":80}},"branchMap":{"0":{"loc":{"start":{"line":35,"column":3},"end":{"line":40,"column":null}},"type":"if","locations":[{"start":{"line":35,"column":3},"end":{"line":40,"column":null}},{"start":{},"end":{}}],"line":35},"1":{"loc":{"start":{"line":36,"column":4},"end":{"line":37,"column":null}},"type":"binary-expr","locations":[{"start":{"line":36,"column":4},"end":{"line":36,"column":null}},{"start":{"line":37,"column":4},"end":{"line":37,"column":null}}],"line":36},"2":{"loc":{"start":{"line":42,"column":3},"end":{"line":44,"column":null}},"type":"if","locations":[{"start":{"line":42,"column":3},"end":{"line":44,"column":null}},{"start":{},"end":{}}],"line":42},"3":{"loc":{"start":{"line":42,"column":7},"end":{"line":42,"column":73}},"type":"binary-expr","locations":[{"start":{"line":42,"column":7},"end":{"line":42,"column":27}},{"start":{"line":42,"column":27},"end":{"line":42,"column":73}}],"line":42},"4":{"loc":{"start":{"line":47,"column":2},"end":{"line":49,"column":null}},"type":"if","locations":[{"start":{"line":47,"column":2},"end":{"line":49,"column":null}},{"start":{},"end":{}}],"line":47},"5":{"loc":{"start":{"line":58,"column":3},"end":{"line":58,"column":null}},"type":"if","locations":[{"start":{"line":58,"column":3},"end":{"line":58,"column":null}},{"start":{},"end":{}}],"line":58},"6":{"loc":{"start":{"line":61,"column":2},"end":{"line":63,"column":null}},"type":"if","locations":[{"start":{"line":61,"column":2},"end":{"line":63,"column":null}},{"start":{},"end":{}}],"line":61},"7":{"loc":{"start":{"line":73,"column":5},"end":{"line":110,"column":null}},"type":"cond-expr","locations":[{"start":{"line":74,"column":5},"end":{"line":77,"column":18}},{"start":{"line":77,"column":8},"end":{"line":110,"column":null}}],"line":73},"8":{"loc":{"start":{"line":73,"column":5},"end":{"line":73,"column":null}},"type":"binary-expr","locations":[{"start":{"line":73,"column":5},"end":{"line":73,"column":18}},{"start":{"line":73,"column":18},"end":{"line":73,"column":null}}],"line":73},"9":{"loc":{"start":{"line":77,"column":8},"end":{"line":110,"column":null}},"type":"cond-expr","locations":[{"start":{"line":78,"column":5},"end":{"line":106,"column":21}},{"start":{"line":106,"column":8},"end":{"line":110,"column":null}}],"line":77},"10":{"loc":{"start":{"line":77,"column":8},"end":{"line":77,"column":null}},"type":"binary-expr","locations":[{"start":{"line":77,"column":8},"end":{"line":77,"column":18}},{"start":{"line":77,"column":18},"end":{"line":77,"column":null}}],"line":77},"11":{"loc":{"start":{"line":87,"column":11},"end":{"line":98,"column":null}},"type":"cond-expr","locations":[{"start":{"line":88,"column":11},"end":{"line":89,"column":20}},{"start":{"line":89,"column":14},"end":{"line":98,"column":null}}],"line":87},"12":{"loc":{"start":{"line":89,"column":14},"end":{"line":98,"column":null}},"type":"cond-expr","locations":[{"start":{"line":90,"column":11},"end":{"line":96,"column":12}},{"start":{"line":96,"column":11},"end":{"line":98,"column":null}}],"line":89},"13":{"loc":{"start":{"line":106,"column":8},"end":{"line":110,"column":null}},"type":"cond-expr","locations":[{"start":{"line":107,"column":5},"end":{"line":110,"column":null}},{"start":{"line":110,"column":8},"end":{"line":110,"column":null}}],"line":106}},"s":{"0":0,"1":0,"2":0,"3":0,"4":0,"5":0,"6":0,"7":0,"8":0,"9":0,"10":0,"11":0,"12":0,"13":0,"14":0,"15":0,"16":0,"17":0,"18":0,"19":0,"20":0,"21":0,"22":0},"f":{"0":0,"1":0,"2":0,"3":0,"4":0,"5":0,"6":0,"7":0,"8":0},"b":{"0":[0,0],"1":[0,0],"2":[0,0],"3":[0,0],"4":[0,0],"5":[0,0],"6":[0,0],"7":[0,0],"8":[0,0],"9":[0,0],"10":[0,0],"11":[0,0],"12":[0,0],"13":[0,0]},"meta":{"lastBranch":14,"lastFunction":9,"lastStatement":23,"seen":{"f:18:9:18:21":0,"s:27:7:27:Infinity":0,"s:29:7:31:Infinity":1,"f:29:21:29:39":1,"s:30:2:30:Infinity":2,"s:33:1:54:Infinity":3,"f:33:1:33:17":2,"s:34:8:45:Infinity":4,"f:34:8:34:30":3,"b:35:3:40:Infinity:undefined:undefined:undefined:undefined":0,"s:35:3:40:Infinity":5,"b:36:4:36:Infinity:37:4:37:Infinity":1,"s:39:4:39:Infinity":6,"b:42:3:44:Infinity:undefined:undefined:undefined:undefined":2,"s:42:3:44:Infinity":7,"b:42:7:42:27:42:27:42:73":3,"s:43:4:43:Infinity":8,"b:47:2:49:Infinity:undefined:undefined:undefined:undefined":4,"s:47:2:49:Infinity":9,"s:48:3:48:Infinity":10,"s:51:2:53:Infinity":11,"f:51:2:51:15":4,"s:52:3:52:Infinity":12,"s:56:1:68:Infinity":13,"f:56:1:56:17":5,"s:57:8:59:Infinity":14,"f:57:8:57:24":6,"b:58:3:58:Infinity:undefined:undefined:undefined:undefined":5,"s:58:3:58:Infinity":15,"s:58:27:58:Infinity":16,"b:61:2:63:Infinity:undefined:undefined:undefined:undefined":6,"s:61:2:63:Infinity":17,"s:62:3:62:Infinity":18,"s:65:2:67:Infinity":19,"f:65:2:65:15":7,"s:66:3:66:Infinity":20,"s:70:1:112:Infinity":21,"b:74:5:77:18:77:8:110:Infinity":7,"b:73:5:73:18:73:18:73:Infinity":8,"b:78:5:106:21:106:8:110:Infinity":9,"b:77:8:77:18:77:18:77:Infinity":10,"f:79:26:79:31":8,"s:80:7:103:Infinity":22,"b:88:11:89:20:89:14:98:Infinity":11,"b:90:11:96:12:96:11:98:Infinity":12,"b:107:5:110:Infinity:110:8:110:Infinity":13}}}
,"E:\\SkillBox Project\\react\\final-react\\react_project\\Project\\src\\components\\features\\SearchMovie\\SearchMovie.tsx": {"path":"E:\\SkillBox Project\\react\\final-react\\react_project\\Project\\src\\components\\features\\SearchMovie\\SearchMovie.tsx","statementMap":{"0":{"start":{"line":8,"column":15},"end":{"line":8,"column":null}},"1":{"start":{"line":9,"column":22},"end":{"line":9,"column":null}},"2":{"start":{"line":10,"column":7},"end":{"line":10,"column":null}},"3":{"start":{"line":11,"column":7},"end":{"line":11,"column":null}},"4":{"start":{"line":16,"column":2},"end":{"line":17,"column":null}},"5":{"start":{"line":19,"column":7},"end":{"line":22,"column":null}},"6":{"start":{"line":20,"column":2},"end":{"line":20,"column":null}},"7":{"start":{"line":21,"column":2},"end":{"line":21,"column":null}},"8":{"start":{"line":24,"column":7},"end":{"line":38,"column":null}},"9":{"start":{"line":26,"column":17},"end":{"line":26,"column":null}},"10":{"start":{"line":27,"column":3},"end":{"line":27,"column":null}},"11":{"start":{"line":29,"column":3},"end":{"line":31,"column":null}},"12":{"start":{"line":30,"column":4},"end":{"line":30,"column":null}},"13":{"start":{"line":33,"column":3},"end":{"line":35,"column":null}},"14":{"start":{"line":34,"column":4},"end":{"line":34,"column":null}},"15":{"start":{"line":40,"column":1},"end":{"line":62,"column":null}}},"fnMap":{"0":{"name":"SearchMovie","decl":{"start":{"line":7,"column":9},"end":{"line":7,"column":23}},"loc":{"start":{"line":7,"column":23},"end":{"line":64,"column":null}},"line":7},"1":{"name":"(anonymous_1)","decl":{"start":{"line":19,"column":21},"end":{"line":19,"column":39}},"loc":{"start":{"line":19,"column":39},"end":{"line":22,"column":4}},"line":19},"2":{"name":"(anonymous_2)","decl":{"start":{"line":24,"column":27},"end":{"line":24,"column":null}},"loc":{"start":{"line":25,"column":46},"end":{"line":36,"column":null}},"line":25}},"branchMap":{"0":{"loc":{"start":{"line":29,"column":3},"end":{"line":31,"column":null}},"type":"if","locations":[{"start":{"line":29,"column":3},"end":{"line":31,"column":null}},{"start":{},"end":{}}],"line":29},"1":{"loc":{"start":{"line":29,"column":7},"end":{"line":29,"column":42}},"type":"binary-expr","locations":[{"start":{"line":29,"column":7},"end":{"line":29,"column":27}},{"start":{"line":29,"column":27},"end":{"line":29,"column":42}}],"line":29},"2":{"loc":{"start":{"line":33,"column":3},"end":{"line":35,"column":null}},"type":"if","locations":[{"start":{"line":33,"column":3},"end":{"line":35,"column":null}},{"start":{},"end":{}}],"line":33},"3":{"loc":{"start":{"line":33,"column":7},"end":{"line":33,"column":43}},"type":"binary-expr","locations":[{"start":{"line":33,"column":7},"end":{"line":33,"column":29}},{"start":{"line":33,"column":29},"end":{"line":33,"column":43}}],"line":33},"4":{"loc":{"start":{"line":51,"column":4},"end":{"line":61,"column":null}},"type":"cond-expr","locations":[{"start":{"line":52,"column":4},"end":{"line":61,"column":null}},{"start":{"line":61,"column":7},"end":{"line":61,"column":null}}],"line":51}},"s":{"0":0,"1":0,"2":0,"3":0,"4":0,"5":0,"6":0,"7":0,"8":0,"9":0,"10":0,"11":0,"12":0,"13":0,"14":0,"15":0},"f":{"0":0,"1":0,"2":0},"b":{"0":[0,0],"1":[0,0],"2":[0,0],"3":[0,0],"4":[0,0]},"meta":{"lastBranch":5,"lastFunction":3,"lastStatement":16,"seen":{"f:7:9:7:23":0,"s:8:15:8:Infinity":0,"s:9:22:9:Infinity":1,"s:10:7:10:Infinity":2,"s:11:7:11:Infinity":3,"s:16:2:17:Infinity":4,"s:19:7:22:Infinity":5,"f:19:21:19:39":1,"s:20:2:20:Infinity":6,"s:21:2:21:Infinity":7,"s:24:7:38:Infinity":8,"f:24:27:24:Infinity":2,"s:26:17:26:Infinity":9,"s:27:3:27:Infinity":10,"b:29:3:31:Infinity:undefined:undefined:undefined:undefined":0,"s:29:3:31:Infinity":11,"b:29:7:29:27:29:27:29:42":1,"s:30:4:30:Infinity":12,"b:33:3:35:Infinity:undefined:undefined:undefined:undefined":2,"s:33:3:35:Infinity":13,"b:33:7:33:29:33:29:33:43":3,"s:34:4:34:Infinity":14,"s:40:1:62:Infinity":15,"b:52:4:61:Infinity:61:7:61:Infinity":4}}}
,"E:\\SkillBox Project\\react\\final-react\\react_project\\Project\\src\\components\\features\\TopMovies\\TopMovies.tsx": {"path":"E:\\SkillBox Project\\react\\final-react\\react_project\\Project\\src\\components\\features\\TopMovies\\TopMovies.tsx","statementMap":{"0":{"start":{"line":8,"column":31},"end":{"line":8,"column":null}},"1":{"start":{"line":10,"column":1},"end":{"line":20,"column":null}}},"fnMap":{"0":{"name":"TopMovies","decl":{"start":{"line":7,"column":9},"end":{"line":7,"column":21}},"loc":{"start":{"line":7,"column":21},"end":{"line":22,"column":null}},"line":7}},"branchMap":{"0":{"loc":{"start":{"line":8,"column":9},"end":{"line":8,"column":20}},"type":"default-arg","locations":[{"start":{"line":8,"column":16},"end":{"line":8,"column":20}}],"line":8},"1":{"loc":{"start":{"line":13,"column":4},"end":{"line":20,"column":null}},"type":"cond-expr","locations":[{"start":{"line":14,"column":4},"end":{"line":15,"column":null}},{"start":{"line":15,"column":7},"end":{"line":20,"column":null}}],"line":13},"2":{"loc":{"start":{"line":15,"column":7},"end":{"line":20,"column":null}},"type":"cond-expr","locations":[{"start":{"line":16,"column":4},"end":{"line":18,"column":5}},{"start":{"line":18,"column":4},"end":{"line":20,"column":null}}],"line":15}},"s":{"0":0,"1":0},"f":{"0":0},"b":{"0":[0],"1":[0,0],"2":[0,0]},"meta":{"lastBranch":3,"lastFunction":1,"lastStatement":2,"seen":{"f:7:9:7:21":0,"s:8:31:8:Infinity":0,"b:8:16:8:20":0,"s:10:1:20:Infinity":1,"b:14:4:15:Infinity:15:7:20:Infinity":1,"b:16:4:18:5:18:4:20:Infinity":2}}}
,"E:\\SkillBox Project\\react\\final-react\\react_project\\Project\\src\\components\\features\\profile\\Favorites\\Favorites.tsx": {"path":"E:\\SkillBox Project\\react\\final-react\\react_project\\Project\\src\\components\\features\\profile\\Favorites\\Favorites.tsx","statementMap":{"0":{"start":{"line":6,"column":31},"end":{"line":6,"column":null}},"1":{"start":{"line":8,"column":1},"end":{"line":16,"column":null}},"2":{"start":{"line":9,"column":2},"end":{"line":14,"column":null}},"3":{"start":{"line":18,"column":1},"end":{"line":29,"column":null}}},"fnMap":{"0":{"name":"Favorites","decl":{"start":{"line":5,"column":9},"end":{"line":5,"column":21}},"loc":{"start":{"line":5,"column":21},"end":{"line":31,"column":null}},"line":5}},"branchMap":{"0":{"loc":{"start":{"line":6,"column":9},"end":{"line":6,"column":20}},"type":"default-arg","locations":[{"start":{"line":6,"column":16},"end":{"line":6,"column":20}}],"line":6},"1":{"loc":{"start":{"line":8,"column":1},"end":{"line":16,"column":null}},"type":"if","locations":[{"start":{"line":8,"column":1},"end":{"line":16,"column":null}},{"start":{},"end":{}}],"line":8},"2":{"loc":{"start":{"line":20,"column":4},"end":{"line":27,"column":null}},"type":"cond-expr","locations":[{"start":{"line":21,"column":4},"end":{"line":22,"column":13}},{"start":{"line":22,"column":7},"end":{"line":27,"column":null}}],"line":20},"3":{"loc":{"start":{"line":22,"column":7},"end":{"line":27,"column":null}},"type":"cond-expr","locations":[{"start":{"line":23,"column":4},"end":{"line":27,"column":5}},{"start":{"line":27,"column":4},"end":{"line":27,"column":null}}],"line":22}},"s":{"0":0,"1":0,"2":0,"3":0},"f":{"0":0},"b":{"0":[0],"1":[0,0],"2":[0,0],"3":[0,0]},"meta":{"lastBranch":4,"lastFunction":1,"lastStatement":4,"seen":{"f:5:9:5:21":0,"s:6:31:6:Infinity":0,"b:6:16:6:20":0,"b:8:1:16:Infinity:undefined:undefined:undefined:undefined":1,"s:8:1:16:Infinity":1,"s:9:2:14:Infinity":2,"s:18:1:29:Infinity":3,"b:21:4:22:13:22:7:27:Infinity":2,"b:23:4:27:5:27:4:27:Infinity":3}}}
,"E:\\SkillBox Project\\react\\final-react\\react_project\\Project\\src\\components\\features\\profile\\Settings\\Settings.tsx": {"path":"E:\\SkillBox Project\\react\\final-react\\react_project\\Project\\src\\components\\features\\profile\\Settings\\Settings.tsx","statementMap":{"0":{"start":{"line":12,"column":7},"end":{"line":12,"column":null}},"1":{"start":{"line":14,"column":7},"end":{"line":16,"column":null}},"2":{"start":{"line":15,"column":2},"end":{"line":15,"column":null}},"3":{"start":{"line":18,"column":15},"end":{"line":18,"column":null}},"4":{"start":{"line":19,"column":1},"end":{"line":55,"column":null}}},"fnMap":{"0":{"name":"Settings","decl":{"start":{"line":11,"column":9},"end":{"line":11,"column":20}},"loc":{"start":{"line":11,"column":20},"end":{"line":57,"column":null}},"line":11},"1":{"name":"(anonymous_1)","decl":{"start":{"line":14,"column":7},"end":{"line":14,"column":33}},"loc":{"start":{"line":14,"column":33},"end":{"line":16,"column":null}},"line":14}},"branchMap":{"0":{"loc":{"start":{"line":24,"column":7},"end":{"line":24,"column":null}},"type":"cond-expr","locations":[{"start":{"line":24,"column":19},"end":{"line":24,"column":44}},{"start":{"line":24,"column":32},"end":{"line":24,"column":null}}],"line":24},"1":{"loc":{"start":{"line":29,"column":8},"end":{"line":34,"column":null}},"type":"cond-expr","locations":[{"start":{"line":30,"column":8},"end":{"line":32,"column":9}},{"start":{"line":32,"column":8},"end":{"line":34,"column":null}}],"line":29},"2":{"loc":{"start":{"line":46,"column":8},"end":{"line":46,"column":null}},"type":"cond-expr","locations":[{"start":{"line":46,"column":20},"end":{"line":46,"column":34}},{"start":{"line":46,"column":33},"end":{"line":46,"column":null}}],"line":46}},"s":{"0":0,"1":0,"2":0,"3":0,"4":0},"f":{"0":0,"1":0},"b":{"0":[0,0],"1":[0,0],"2":[0,0]},"meta":{"lastBranch":3,"lastFunction":2,"lastStatement":5,"seen":{"f:11:9:11:20":0,"s:12:7:12:Infinity":0,"s:14:7:16:Infinity":1,"f:14:7:14:33":1,"s:15:2:15:Infinity":2,"s:18:15:18:Infinity":3,"s:19:1:55:Infinity":4,"b:24:19:24:44:24:32:24:Infinity":0,"b:30:8:32:9:32:8:34:Infinity":1,"b:46:20:46:34:46:33:46:Infinity":2}}}
,"E:\\SkillBox Project\\react\\final-react\\react_project\\Project\\src\\components\\layout\\Footer\\Footer.tsx": {"path":"E:\\SkillBox Project\\react\\final-react\\react_project\\Project\\src\\components\\layout\\Footer\\Footer.tsx","statementMap":{"0":{"start":{"line":7,"column":1},"end":{"line":25,"column":null}},"1":{"start":{"line":12,"column":6},"end":{"line":21,"column":null}}},"fnMap":{"0":{"name":"Footer","decl":{"start":{"line":6,"column":9},"end":{"line":6,"column":18}},"loc":{"start":{"line":6,"column":18},"end":{"line":27,"column":null}},"line":6},"1":{"name":"(anonymous_1)","decl":{"start":{"line":11,"column":19},"end":{"line":11,"column":24}},"loc":{"start":{"line":12,"column":6},"end":{"line":21,"column":null}},"line":12}},"branchMap":{},"s":{"0":0,"1":0},"f":{"0":0,"1":0},"b":{},"meta":{"lastBranch":0,"lastFunction":2,"lastStatement":2,"seen":{"f:6:9:6:18":0,"s:7:1:25:Infinity":0,"f:11:19:11:24":1,"s:12:6:21:Infinity":1}}}
,"E:\\SkillBox Project\\react\\final-react\\react_project\\Project\\src\\components\\layout\\Header\\Header.tsx": {"path":"E:\\SkillBox Project\\react\\final-react\\react_project\\Project\\src\\components\\layout\\Header\\Header.tsx","statementMap":{"0":{"start":{"line":16,"column":7},"end":{"line":16,"column":null}},"1":{"start":{"line":17,"column":32},"end":{"line":17,"column":null}},"2":{"start":{"line":18,"column":7},"end":{"line":18,"column":null}},"3":{"start":{"line":20,"column":7},"end":{"line":22,"column":null}},"4":{"start":{"line":21,"column":2},"end":{"line":21,"column":null}},"5":{"start":{"line":24,"column":1},"end":{"line":60,"column":null}}},"fnMap":{"0":{"name":"Header","decl":{"start":{"line":15,"column":9},"end":{"line":15,"column":18}},"loc":{"start":{"line":15,"column":18},"end":{"line":62,"column":null}},"line":15},"1":{"name":"(anonymous_1)","decl":{"start":{"line":20,"column":21},"end":{"line":20,"column":39}},"loc":{"start":{"line":20,"column":39},"end":{"line":22,"column":4}},"line":20}},"branchMap":{"0":{"loc":{"start":{"line":26,"column":32},"end":{"line":26,"column":null}},"type":"cond-expr","locations":[{"start":{"line":26,"column":45},"end":{"line":26,"column":66}},{"start":{"line":26,"column":66},"end":{"line":26,"column":null}}],"line":26},"1":{"loc":{"start":{"line":39,"column":7},"end":{"line":55,"column":null}},"type":"cond-expr","locations":[{"start":{"line":40,"column":7},"end":{"line":41,"column":null}},{"start":{"line":41,"column":10},"end":{"line":55,"column":null}}],"line":39},"2":{"loc":{"start":{"line":41,"column":10},"end":{"line":55,"column":null}},"type":"cond-expr","locations":[{"start":{"line":42,"column":7},"end":{"line":49,"column":8}},{"start":{"line":49,"column":7},"end":{"line":55,"column":null}}],"line":41},"3":{"loc":{"start":{"line":46,"column":9},"end":{"line":46,"column":null}},"type":"binary-expr","locations":[{"start":{"line":46,"column":9},"end":{"line":46,"column":23}},{"start":{"line":46,"column":23},"end":{"line":46,"column":null}}],"line":46}},"s":{"0":0,"1":0,"2":0,"3":0,"4":0,"5":0},"f":{"0":0,"1":0},"b":{"0":[0,0],"1":[0,0],"2":[0,0],"3":[0,0]},"meta":{"lastBranch":4,"lastFunction":2,"lastStatement":6,"seen":{"f:15:9:15:18":0,"s:16:7:16:Infinity":0,"s:17:32:17:Infinity":1,"s:18:7:18:Infinity":2,"s:20:7:22:Infinity":3,"f:20:21:20:39":1,"s:21:2:21:Infinity":4,"s:24:1:60:Infinity":5,"b:26:45:26:66:26:66:26:Infinity":0,"b:40:7:41:Infinity:41:10:55:Infinity":1,"b:42:7:49:8:49:7:55:Infinity":2,"b:46:9:46:23:46:23:46:Infinity":3}}}
,"E:\\SkillBox Project\\react\\final-react\\react_project\\Project\\src\\components\\layout\\Layout\\Layout.tsx": {"path":"E:\\SkillBox Project\\react\\final-react\\react_project\\Project\\src\\components\\layout\\Layout\\Layout.tsx","statementMap":{"0":{"start":{"line":10,"column":1},"end":{"line":15,"column":null}}},"fnMap":{"0":{"name":"Layout","decl":{"start":{"line":9,"column":9},"end":{"line":9,"column":16}},"loc":{"start":{"line":9,"column":43},"end":{"line":17,"column":null}},"line":9}},"branchMap":{},"s":{"0":0},"f":{"0":0},"b":{},"meta":{"lastBranch":0,"lastFunction":1,"lastStatement":1,"seen":{"f:9:9:9:16":0,"s:10:1:15:Infinity":0}}}
,"E:\\SkillBox Project\\react\\final-react\\react_project\\Project\\src\\components\\ui\\Button\\Button.tsx": {"path":"E:\\SkillBox Project\\react\\final-react\\react_project\\Project\\src\\components\\ui\\Button\\Button.tsx","statementMap":{"0":{"start":{"line":26,"column":1},"end":{"line":34,"column":null}}},"fnMap":{"0":{"name":"Button","decl":{"start":{"line":16,"column":9},"end":{"line":16,"column":16}},"loc":{"start":{"line":25,"column":16},"end":{"line":36,"column":null}},"line":25}},"branchMap":{"0":{"loc":{"start":{"line":18,"column":1},"end":{"line":18,"column":null}},"type":"default-arg","locations":[{"start":{"line":18,"column":11},"end":{"line":18,"column":null}}],"line":18},"1":{"loc":{"start":{"line":19,"column":1},"end":{"line":19,"column":null}},"type":"default-arg","locations":[{"start":{"line":19,"column":8},"end":{"line":19,"column":null}}],"line":19},"2":{"loc":{"start":{"line":23,"column":1},"end":{"line":23,"column":null}},"type":"default-arg","locations":[{"start":{"line":23,"column":8},"end":{"line":23,"column":null}}],"line":23},"3":{"loc":{"start":{"line":24,"column":1},"end":{"line":24,"column":null}},"type":"default-arg","locations":[{"start":{"line":24,"column":13},"end":{"line":24,"column":null}}],"line":24},"4":{"loc":{"start":{"line":30,"column":13},"end":{"line":30,"column":null}},"type":"binary-expr","locations":[{"start":{"line":30,"column":13},"end":{"line":30,"column":25}},{"start":{"line":30,"column":25},"end":{"line":30,"column":null}}],"line":30},"5":{"loc":{"start":{"line":33,"column":4},"end":{"line":33,"column":null}},"type":"cond-expr","locations":[{"start":{"line":33,"column":16},"end":{"line":33,"column":null}},{"start":{"line":33,"column":29},"end":{"line":33,"column":null}}],"line":33}},"s":{"0":14},"f":{"0":14},"b":{"0":[14],"1":[14],"2":[14],"3":[14],"4":[14,13],"5":[3,11]},"meta":{"lastBranch":6,"lastFunction":1,"lastStatement":1,"seen":{"f:16:9:16:16":0,"b:18:11:18:Infinity":0,"b:19:8:19:Infinity":1,"b:23:8:23:Infinity":2,"b:24:13:24:Infinity":3,"s:26:1:34:Infinity":0,"b:30:13:30:25:30:25:30:Infinity":4,"b:33:16:33:Infinity:33:29:33:Infinity":5}}}
,"E:\\SkillBox Project\\react\\final-react\\react_project\\Project\\src\\components\\ui\\CustomNavLink\\CustomNavLink.tsx": {"path":"E:\\SkillBox Project\\react\\final-react\\react_project\\Project\\src\\components\\ui\\CustomNavLink\\CustomNavLink.tsx","statementMap":{"0":{"start":{"line":22,"column":1},"end":{"line":33,"column":null}},"1":{"start":{"line":26,"column":4},"end":{"line":28,"column":null}}},"fnMap":{"0":{"name":"CustomNavLink","decl":{"start":{"line":14,"column":9},"end":{"line":14,"column":23}},"loc":{"start":{"line":21,"column":23},"end":{"line":35,"column":null}},"line":21},"1":{"name":"(anonymous_1)","decl":{"start":{"line":25,"column":3},"end":{"line":25,"column":15}},"loc":{"start":{"line":26,"column":4},"end":{"line":28,"column":null}},"line":26}},"branchMap":{"0":{"loc":{"start":{"line":18,"column":1},"end":{"line":18,"column":null}},"type":"default-arg","locations":[{"start":{"line":18,"column":13},"end":{"line":18,"column":null}}],"line":18},"1":{"loc":{"start":{"line":19,"column":1},"end":{"line":19,"column":null}},"type":"default-arg","locations":[{"start":{"line":19,"column":19},"end":{"line":19,"column":null}}],"line":19},"2":{"loc":{"start":{"line":20,"column":1},"end":{"line":20,"column":null}},"type":"default-arg","locations":[{"start":{"line":20,"column":11},"end":{"line":20,"column":null}}],"line":20},"3":{"loc":{"start":{"line":27,"column":5},"end":{"line":27,"column":null}},"type":"cond-expr","locations":[{"start":{"line":27,"column":16},"end":{"line":27,"column":34}},{"start":{"line":27,"column":34},"end":{"line":27,"column":null}}],"line":27},"4":{"loc":{"start":{"line":31,"column":4},"end":{"line":32,"column":4}},"type":"binary-expr","locations":[{"start":{"line":31,"column":4},"end":{"line":31,"column":12}},{"start":{"line":31,"column":12},"end":{"line":32,"column":4}}],"line":31}},"s":{"0":0,"1":0},"f":{"0":0,"1":0},"b":{"0":[0],"1":[0],"2":[0],"3":[0,0],"4":[0,0]},"meta":{"lastBranch":5,"lastFunction":2,"lastStatement":2,"seen":{"f:14:9:14:23":0,"b:18:13:18:Infinity":0,"b:19:19:19:Infinity":1,"b:20:11:20:Infinity":2,"s:22:1:33:Infinity":0,"f:25:3:25:15":1,"s:26:4:28:Infinity":1,"b:27:16:27:34:27:34:27:Infinity":3,"b:31:4:31:12:31:12:32:4":4}}}
,"E:\\SkillBox Project\\react\\final-react\\react_project\\Project\\src\\components\\ui\\FavoriteButton\\FavoriteButton.tsx": {"path":"E:\\SkillBox Project\\react\\final-react\\react_project\\Project\\src\\components\\ui\\FavoriteButton\\FavoriteButton.tsx","statementMap":{"0":{"start":{"line":14,"column":36},"end":{"line":14,"column":null}},"1":{"start":{"line":16,"column":7},"end":{"line":18,"column":null}},"2":{"start":{"line":17,"column":2},"end":{"line":17,"column":null}},"3":{"start":{"line":20,"column":9},"end":{"line":20,"column":null}},"4":{"start":{"line":22,"column":1},"end":{"line":30,"column":null}}},"fnMap":{"0":{"name":"FavoriteButton","decl":{"start":{"line":13,"column":9},"end":{"line":13,"column":24}},"loc":{"start":{"line":13,"column":53},"end":{"line":32,"column":null}},"line":13},"1":{"name":"(anonymous_1)","decl":{"start":{"line":16,"column":29},"end":{"line":16,"column":47}},"loc":{"start":{"line":16,"column":47},"end":{"line":18,"column":4}},"line":16}},"branchMap":{"0":{"loc":{"start":{"line":29,"column":4},"end":{"line":29,"column":null}},"type":"cond-expr","locations":[{"start":{"line":29,"column":17},"end":{"line":29,"column":37}},{"start":{"line":29,"column":37},"end":{"line":29,"column":null}}],"line":29}},"s":{"0":0,"1":0,"2":0,"3":0,"4":0},"f":{"0":0,"1":0},"b":{"0":[0,0]},"meta":{"lastBranch":1,"lastFunction":2,"lastStatement":5,"seen":{"f:13:9:13:24":0,"s:14:36:14:Infinity":0,"s:16:7:18:Infinity":1,"f:16:29:16:47":1,"s:17:2:17:Infinity":2,"s:20:9:20:Infinity":3,"s:22:1:30:Infinity":4,"b:29:17:29:37:29:37:29:Infinity":0}}}
,"E:\\SkillBox Project\\react\\final-react\\react_project\\Project\\src\\components\\ui\\Input\\Input.tsx": {"path":"E:\\SkillBox Project\\react\\final-react\\react_project\\Project\\src\\components\\ui\\Input\\Input.tsx","statementMap":{"0":{"start":{"line":10,"column":6},"end":{"line":43,"column":null}},"1":{"start":{"line":13,"column":16},"end":{"line":13,"column":null}},"2":{"start":{"line":15,"column":3},"end":{"line":39,"column":null}},"3":{"start":{"line":45,"column":0},"end":{"line":45,"column":null}}},"fnMap":{"0":{"name":"(anonymous_0)","decl":{"start":{"line":11,"column":1},"end":{"line":11,"column":null}},"loc":{"start":{"line":12,"column":63},"end":{"line":41,"column":null}},"line":12}},"branchMap":{"0":{"loc":{"start":{"line":12,"column":5},"end":{"line":12,"column":20}},"type":"default-arg","locations":[{"start":{"line":12,"column":12},"end":{"line":12,"column":20}}],"line":12},"1":{"loc":{"start":{"line":12,"column":27},"end":{"line":12,"column":43}},"type":"default-arg","locations":[{"start":{"line":12,"column":39},"end":{"line":12,"column":43}}],"line":12},"2":{"loc":{"start":{"line":21,"column":7},"end":{"line":26,"column":7}},"type":"binary-expr","locations":[{"start":{"line":21,"column":7},"end":{"line":21,"column":null}},{"start":{"line":22,"column":7},"end":{"line":26,"column":7}}],"line":21},"3":{"loc":{"start":{"line":29,"column":42},"end":{"line":29,"column":null}},"type":"cond-expr","locations":[{"start":{"line":29,"column":50},"end":{"line":29,"column":67}},{"start":{"line":29,"column":67},"end":{"line":29,"column":null}}],"line":29},"4":{"loc":{"start":{"line":34,"column":6},"end":{"line":39,"column":null}},"type":"binary-expr","locations":[{"start":{"line":34,"column":6},"end":{"line":34,"column":null}},{"start":{"line":35,"column":6},"end":{"line":39,"column":null}}],"line":34}},"s":{"0":1,"1":13,"2":13,"3":1},"f":{"0":13},"b":{"0":[13],"1":[13],"2":[13,13],"3":[2,11],"4":[13,2]},"meta":{"lastBranch":5,"lastFunction":1,"lastStatement":4,"seen":{"s:10:6:43:Infinity":0,"f:11:1:11:Infinity":0,"b:12:12:12:20":0,"b:12:39:12:43":1,"s:13:16:13:Infinity":1,"s:15:3:39:Infinity":2,"b:21:7:21:Infinity:22:7:26:7":2,"b:29:50:29:67:29:67:29:Infinity":3,"b:34:6:34:Infinity:35:6:39:Infinity":4,"s:45:0:45:Infinity":3}}}
,"E:\\SkillBox Project\\react\\final-react\\react_project\\Project\\src\\components\\ui\\Loader\\Loader.tsx": {"path":"E:\\SkillBox Project\\react\\final-react\\react_project\\Project\\src\\components\\ui\\Loader\\Loader.tsx","statementMap":{"0":{"start":{"line":8,"column":1},"end":{"line":13,"column":null}}},"fnMap":{"0":{"name":"Loader","decl":{"start":{"line":7,"column":16},"end":{"line":7,"column":23}},"loc":{"start":{"line":7,"column":58},"end":{"line":15,"column":null}},"line":7}},"branchMap":{"0":{"loc":{"start":{"line":7,"column":25},"end":{"line":7,"column":58}},"type":"default-arg","locations":[{"start":{"line":7,"column":33},"end":{"line":7,"column":58}}],"line":7}},"s":{"0":0},"f":{"0":0},"b":{"0":[0]},"meta":{"lastBranch":1,"lastFunction":1,"lastStatement":1,"seen":{"f:7:16:7:23":0,"b:7:33:7:58":0,"s:8:1:13:Infinity":0}}}
,"E:\\SkillBox Project\\react\\final-react\\react_project\\Project\\src\\components\\ui\\Modal\\Modal.tsx": {"path":"E:\\SkillBox Project\\react\\final-react\\react_project\\Project\\src\\components\\ui\\Modal\\Modal.tsx","statementMap":{"0":{"start":{"line":20,"column":19},"end":{"line":20,"column":null}},"1":{"start":{"line":21,"column":22},"end":{"line":21,"column":null}},"2":{"start":{"line":22,"column":7},"end":{"line":22,"column":null}},"3":{"start":{"line":23,"column":7},"end":{"line":23,"column":null}},"4":{"start":{"line":25,"column":7},"end":{"line":30,"column":null}},"5":{"start":{"line":26,"column":2},"end":{"line":26,"column":null}},"6":{"start":{"line":27,"column":2},"end":{"line":29,"column":null}},"7":{"start":{"line":28,"column":3},"end":{"line":28,"column":null}},"8":{"start":{"line":32,"column":7},"end":{"line":62,"column":null}},"9":{"start":{"line":34,"column":3},"end":{"line":37,"column":null}},"10":{"start":{"line":35,"column":4},"end":{"line":35,"column":null}},"11":{"start":{"line":36,"column":4},"end":{"line":36,"column":null}},"12":{"start":{"line":39,"column":3},"end":{"line":59,"column":null}},"13":{"start":{"line":40,"column":30},"end":{"line":42,"column":null}},"14":{"start":{"line":43,"column":25},"end":{"line":43,"column":null}},"15":{"start":{"line":44,"column":24},"end":{"line":45,"column":null}},"16":{"start":{"line":48,"column":4},"end":{"line":58,"column":null}},"17":{"start":{"line":49,"column":5},"end":{"line":52,"column":null}},"18":{"start":{"line":50,"column":6},"end":{"line":50,"column":null}},"19":{"start":{"line":51,"column":6},"end":{"line":51,"column":null}},"20":{"start":{"line":54,"column":5},"end":{"line":57,"column":null}},"21":{"start":{"line":55,"column":6},"end":{"line":55,"column":null}},"22":{"start":{"line":56,"column":6},"end":{"line":56,"column":null}},"23":{"start":{"line":65,"column":1},"end":{"line":83,"column":null}},"24":{"start":{"line":66,"column":2},"end":{"line":76,"column":null}},"25":{"start":{"line":69,"column":4},"end":{"line":69,"column":null}},"26":{"start":{"line":70,"column":3},"end":{"line":70,"column":null}},"27":{"start":{"line":71,"column":3},"end":{"line":71,"column":null}},"28":{"start":{"line":74,"column":3},"end":{"line":74,"column":null}},"29":{"start":{"line":75,"column":3},"end":{"line":75,"column":null}},"30":{"start":{"line":78,"column":2},"end":{"line":82,"column":null}},"31":{"start":{"line":80,"column":3},"end":{"line":80,"column":null}},"32":{"start":{"line":81,"column":3},"end":{"line":81,"column":null}},"33":{"start":{"line":85,"column":1},"end":{"line":117,"column":null}},"34":{"start":{"line":86,"column":2},"end":{"line":112,"column":null}},"35":{"start":{"line":87,"column":3},"end":{"line":87,"column":null}},"36":{"start":{"line":88,"column":3},"end":{"line":88,"column":null}},"37":{"start":{"line":89,"column":3},"end":{"line":89,"column":null}},"38":{"start":{"line":91,"column":3},"end":{"line":102,"column":null}},"39":{"start":{"line":92,"column":4},"end":{"line":92,"column":null}},"40":{"start":{"line":93,"column":23},"end":{"line":95,"column":null}},"41":{"start":{"line":97,"column":5},"end":{"line":100,"column":null}},"42":{"start":{"line":101,"column":4},"end":{"line":101,"column":null}},"43":{"start":{"line":104,"column":3},"end":{"line":104,"column":null}},"44":{"start":{"line":106,"column":21},"end":{"line":109,"column":null}},"45":{"start":{"line":107,"column":4},"end":{"line":107,"column":null}},"46":{"start":{"line":108,"column":4},"end":{"line":108,"column":null}},"47":{"start":{"line":111,"column":3},"end":{"line":111,"column":null}},"48":{"start":{"line":111,"column":16},"end":{"line":111,"column":null}},"49":{"start":{"line":114,"column":2},"end":{"line":116,"column":null}},"50":{"start":{"line":115,"column":3},"end":{"line":115,"column":null}},"51":{"start":{"line":119,"column":1},"end":{"line":119,"column":null}},"52":{"start":{"line":119,"column":20},"end":{"line":119,"column":null}},"53":{"start":{"line":121,"column":1},"end":{"line":138,"column":null}},"54":{"start":{"line":129,"column":20},"end":{"line":129,"column":null}}},"fnMap":{"0":{"name":"Modal","decl":{"start":{"line":19,"column":9},"end":{"line":19,"column":15}},"loc":{"start":{"line":19,"column":74},"end":{"line":140,"column":null}},"line":19},"1":{"name":"(anonymous_1)","decl":{"start":{"line":25,"column":21},"end":{"line":25,"column":39}},"loc":{"start":{"line":25,"column":39},"end":{"line":30,"column":4}},"line":25},"2":{"name":"(anonymous_2)","decl":{"start":{"line":27,"column":2},"end":{"line":27,"column":19}},"loc":{"start":{"line":27,"column":19},"end":{"line":29,"column":5}},"line":27},"3":{"name":"(anonymous_3)","decl":{"start":{"line":32,"column":23},"end":{"line":32,"column":null}},"loc":{"start":{"line":33,"column":24},"end":{"line":60,"column":null}},"line":33},"4":{"name":"(anonymous_4)","decl":{"start":{"line":65,"column":1},"end":{"line":65,"column":23}},"loc":{"start":{"line":65,"column":23},"end":{"line":83,"column":4}},"line":65},"5":{"name":"(anonymous_5)","decl":{"start":{"line":78,"column":2},"end":{"line":78,"column":15}},"loc":{"start":{"line":78,"column":15},"end":{"line":82,"column":null}},"line":78},"6":{"name":"(anonymous_6)","decl":{"start":{"line":85,"column":1},"end":{"line":85,"column":17}},"loc":{"start":{"line":85,"column":17},"end":{"line":117,"column":4}},"line":85},"7":{"name":"(anonymous_7)","decl":{"start":{"line":91,"column":3},"end":{"line":91,"column":20}},"loc":{"start":{"line":91,"column":20},"end":{"line":102,"column":6}},"line":91},"8":{"name":"(anonymous_8)","decl":{"start":{"line":106,"column":21},"end":{"line":106,"column":38}},"loc":{"start":{"line":106,"column":38},"end":{"line":109,"column":6}},"line":106},"9":{"name":"(anonymous_9)","decl":{"start":{"line":111,"column":3},"end":{"line":111,"column":16}},"loc":{"start":{"line":111,"column":16},"end":{"line":111,"column":null}},"line":111},"10":{"name":"(anonymous_10)","decl":{"start":{"line":114,"column":2},"end":{"line":114,"column":15}},"loc":{"start":{"line":114,"column":15},"end":{"line":116,"column":null}},"line":114},"11":{"name":"(anonymous_11)","decl":{"start":{"line":129,"column":4},"end":{"line":129,"column":14}},"loc":{"start":{"line":129,"column":20},"end":{"line":129,"column":null}},"line":129}},"branchMap":{"0":{"loc":{"start":{"line":19,"column":44},"end":{"line":19,"column":74}},"type":"default-arg","locations":[{"start":{"line":19,"column":56},"end":{"line":19,"column":74}}],"line":19},"1":{"loc":{"start":{"line":34,"column":3},"end":{"line":37,"column":null}},"type":"if","locations":[{"start":{"line":34,"column":3},"end":{"line":37,"column":null}},{"start":{},"end":{}}],"line":34},"2":{"loc":{"start":{"line":39,"column":3},"end":{"line":59,"column":null}},"type":"if","locations":[{"start":{"line":39,"column":3},"end":{"line":59,"column":null}},{"start":{},"end":{}}],"line":39},"3":{"loc":{"start":{"line":39,"column":7},"end":{"line":39,"column":44}},"type":"binary-expr","locations":[{"start":{"line":39,"column":7},"end":{"line":39,"column":26}},{"start":{"line":39,"column":26},"end":{"line":39,"column":44}}],"line":39},"4":{"loc":{"start":{"line":48,"column":4},"end":{"line":58,"column":null}},"type":"if","locations":[{"start":{"line":48,"column":4},"end":{"line":58,"column":null}},{"start":{"line":53,"column":11},"end":{"line":58,"column":null}}],"line":48},"5":{"loc":{"start":{"line":49,"column":5},"end":{"line":52,"column":null}},"type":"if","locations":[{"start":{"line":49,"column":5},"end":{"line":52,"column":null}},{"start":{},"end":{}}],"line":49},"6":{"loc":{"start":{"line":54,"column":5},"end":{"line":57,"column":null}},"type":"if","locations":[{"start":{"line":54,"column":5},"end":{"line":57,"column":null}},{"start":{},"end":{}}],"line":54},"7":{"loc":{"start":{"line":66,"column":2},"end":{"line":76,"column":null}},"type":"if","locations":[{"start":{"line":66,"column":2},"end":{"line":76,"column":null}},{"start":{"line":72,"column":9},"end":{"line":76,"column":null}}],"line":66},"8":{"loc":{"start":{"line":86,"column":2},"end":{"line":112,"column":null}},"type":"if","locations":[{"start":{"line":86,"column":2},"end":{"line":112,"column":null}},{"start":{"line":103,"column":9},"end":{"line":112,"column":null}}],"line":86},"9":{"loc":{"start":{"line":97,"column":5},"end":{"line":100,"column":null}},"type":"binary-expr","locations":[{"start":{"line":97,"column":5},"end":{"line":97,"column":null}},{"start":{"line":98,"column":6},"end":{"line":100,"column":null}}],"line":97},"10":{"loc":{"start":{"line":119,"column":1},"end":{"line":119,"column":null}},"type":"if","locations":[{"start":{"line":119,"column":1},"end":{"line":119,"column":null}},{"start":{},"end":{}}],"line":119},"11":{"loc":{"start":{"line":123,"column":31},"end":{"line":123,"column":null}},"type":"cond-expr","locations":[{"start":{"line":123,"column":43},"end":{"line":123,"column":70}},{"start":{"line":123,"column":70},"end":{"line":123,"column":null}}],"line":123},"12":{"loc":{"start":{"line":128,"column":24},"end":{"line":128,"column":58}},"type":"cond-expr","locations":[{"start":{"line":128,"column":36},"end":{"line":128,"column":55}},{"start":{"line":128,"column":55},"end":{"line":128,"column":58}}],"line":128}},"s":{"0":0,"1":0,"2":0,"3":0,"4":0,"5":0,"6":0,"7":0,"8":0,"9":0,"10":0,"11":0,"12":0,"13":0,"14":0,"15":0,"16":0,"17":0,"18":0,"19":0,"20":0,"21":0,"22":0,"23":0,"24":0,"25":0,"26":0,"27":0,"28":0,"29":0,"30":0,"31":0,"32":0,"33":0,"34":0,"35":0,"36":0,"37":0,"38":0,"39":0,"40":0,"41":0,"42":0,"43":0,"44":0,"45":0,"46":0,"47":0,"48":0,"49":0,"50":0,"51":0,"52":0,"53":0,"54":0},"f":{"0":0,"1":0,"2":0,"3":0,"4":0,"5":0,"6":0,"7":0,"8":0,"9":0,"10":0,"11":0},"b":{"0":[0],"1":[0,0],"2":[0,0],"3":[0,0],"4":[0,0],"5":[0,0],"6":[0,0],"7":[0,0],"8":[0,0],"9":[0,0],"10":[0,0],"11":[0,0],"12":[0,0]},"meta":{"lastBranch":13,"lastFunction":12,"lastStatement":55,"seen":{"f:19:9:19:15":0,"b:19:56:19:74":0,"s:20:19:20:Infinity":0,"s:21:22:21:Infinity":1,"s:22:7:22:Infinity":2,"s:23:7:23:Infinity":3,"s:25:7:30:Infinity":4,"f:25:21:25:39":1,"s:26:2:26:Infinity":5,"s:27:2:29:Infinity":6,"f:27:2:27:19":2,"s:28:3:28:Infinity":7,"s:32:7:62:Infinity":8,"f:32:23:32:Infinity":3,"b:34:3:37:Infinity:undefined:undefined:undefined:undefined":1,"s:34:3:37:Infinity":9,"s:35:4:35:Infinity":10,"s:36:4:36:Infinity":11,"b:39:3:59:Infinity:undefined:undefined:undefined:undefined":2,"s:39:3:59:Infinity":12,"b:39:7:39:26:39:26:39:44":3,"s:40:30:42:Infinity":13,"s:43:25:43:Infinity":14,"s:44:24:45:Infinity":15,"b:48:4:58:Infinity:53:11:58:Infinity":4,"s:48:4:58:Infinity":16,"b:49:5:52:Infinity:undefined:undefined:undefined:undefined":5,"s:49:5:52:Infinity":17,"s:50:6:50:Infinity":18,"s:51:6:51:Infinity":19,"b:54:5:57:Infinity:undefined:undefined:undefined:undefined":6,"s:54:5:57:Infinity":20,"s:55:6:55:Infinity":21,"s:56:6:56:Infinity":22,"s:65:1:83:Infinity":23,"f:65:1:65:23":4,"b:66:2:76:Infinity:72:9:76:Infinity":7,"s:66:2:76:Infinity":24,"s:69:4:69:Infinity":25,"s:70:3:70:Infinity":26,"s:71:3:71:Infinity":27,"s:74:3:74:Infinity":28,"s:75:3:75:Infinity":29,"s:78:2:82:Infinity":30,"f:78:2:78:15":5,"s:80:3:80:Infinity":31,"s:81:3:81:Infinity":32,"s:85:1:117:Infinity":33,"f:85:1:85:17":6,"b:86:2:112:Infinity:103:9:112:Infinity":8,"s:86:2:112:Infinity":34,"s:87:3:87:Infinity":35,"s:88:3:88:Infinity":36,"s:89:3:89:Infinity":37,"s:91:3:102:Infinity":38,"f:91:3:91:20":7,"s:92:4:92:Infinity":39,"s:93:23:95:Infinity":40,"s:97:5:100:Infinity":41,"b:97:5:97:Infinity:98:6:100:Infinity":9,"s:101:4:101:Infinity":42,"s:104:3:104:Infinity":43,"s:106:21:109:Infinity":44,"f:106:21:106:38":8,"s:107:4:107:Infinity":45,"s:108:4:108:Infinity":46,"s:111:3:111:Infinity":47,"f:111:3:111:16":9,"s:111:16:111:Infinity":48,"s:114:2:116:Infinity":49,"f:114:2:114:15":10,"s:115:3:115:Infinity":50,"b:119:1:119:Infinity:undefined:undefined:undefined:undefined":10,"s:119:1:119:Infinity":51,"s:119:20:119:Infinity":52,"s:121:1:138:Infinity":53,"b:123:43:123:70:123:70:123:Infinity":11,"b:128:36:128:55:128:55:128:58":12,"f:129:4:129:14":11,"s:129:20:129:Infinity":54}}}
,"E:\\SkillBox Project\\react\\final-react\\react_project\\Project\\src\\components\\ui\\MovieCard\\MovieCard.tsx": {"path":"E:\\SkillBox Project\\react\\final-react\\react_project\\Project\\src\\components\\ui\\MovieCard\\MovieCard.tsx","statementMap":{"0":{"start":{"line":29,"column":7},"end":{"line":29,"column":null}},"1":{"start":{"line":31,"column":7},"end":{"line":33,"column":null}},"2":{"start":{"line":32,"column":2},"end":{"line":32,"column":null}},"3":{"start":{"line":35,"column":1},"end":{"line":72,"column":null}}},"fnMap":{"0":{"name":"MovieCard","decl":{"start":{"line":22,"column":9},"end":{"line":22,"column":19}},"loc":{"start":{"line":28,"column":20},"end":{"line":74,"column":null}},"line":28},"1":{"name":"(anonymous_1)","decl":{"start":{"line":31,"column":21},"end":{"line":31,"column":39}},"loc":{"start":{"line":31,"column":39},"end":{"line":33,"column":4}},"line":31}},"branchMap":{"0":{"loc":{"start":{"line":24,"column":1},"end":{"line":24,"column":null}},"type":"default-arg","locations":[{"start":{"line":24,"column":13},"end":{"line":24,"column":null}}],"line":24},"1":{"loc":{"start":{"line":25,"column":1},"end":{"line":25,"column":null}},"type":"default-arg","locations":[{"start":{"line":25,"column":21},"end":{"line":25,"column":null}}],"line":25},"2":{"loc":{"start":{"line":26,"column":1},"end":{"line":26,"column":null}},"type":"default-arg","locations":[{"start":{"line":26,"column":19},"end":{"line":26,"column":null}}],"line":26},"3":{"loc":{"start":{"line":42,"column":6},"end":{"line":45,"column":null}},"type":"binary-expr","locations":[{"start":{"line":42,"column":6},"end":{"line":42,"column":null}},{"start":{"line":43,"column":6},"end":{"line":45,"column":null}}],"line":42},"4":{"loc":{"start":{"line":48,"column":6},"end":{"line":55,"column":null}},"type":"binary-expr","locations":[{"start":{"line":48,"column":6},"end":{"line":48,"column":27}},{"start":{"line":48,"column":27},"end":{"line":48,"column":null}},{"start":{"line":49,"column":6},"end":{"line":55,"column":null}}],"line":48},"5":{"loc":{"start":{"line":60,"column":5},"end":{"line":69,"column":null}},"type":"cond-expr","locations":[{"start":{"line":61,"column":5},"end":{"line":62,"column":14}},{"start":{"line":62,"column":8},"end":{"line":69,"column":null}}],"line":60},"6":{"loc":{"start":{"line":62,"column":8},"end":{"line":69,"column":null}},"type":"cond-expr","locations":[{"start":{"line":63,"column":5},"end":{"line":69,"column":6}},{"start":{"line":69,"column":5},"end":{"line":69,"column":null}}],"line":62}},"s":{"0":0,"1":0,"2":0,"3":0},"f":{"0":0,"1":0},"b":{"0":[0],"1":[0],"2":[0],"3":[0,0],"4":[0,0,0],"5":[0,0],"6":[0,0]},"meta":{"lastBranch":7,"lastFunction":2,"lastStatement":4,"seen":{"f:22:9:22:19":0,"b:24:13:24:Infinity":0,"b:25:21:25:Infinity":1,"b:26:19:26:Infinity":2,"s:29:7:29:Infinity":0,"s:31:7:33:Infinity":1,"f:31:21:31:39":1,"s:32:2:32:Infinity":2,"s:35:1:72:Infinity":3,"b:42:6:42:Infinity:43:6:45:Infinity":3,"b:48:6:48:27:48:27:48:Infinity:49:6:55:Infinity":4,"b:61:5:62:14:62:8:69:Infinity":5,"b:63:5:69:6:69:5:69:Infinity":6}}}
,"E:\\SkillBox Project\\react\\final-react\\react_project\\Project\\src\\components\\ui\\MovieCharacteristics\\MovieCharacteristics.tsx": {"path":"E:\\SkillBox Project\\react\\final-react\\react_project\\Project\\src\\components\\ui\\MovieCharacteristics\\MovieCharacteristics.tsx","statementMap":{"0":{"start":{"line":12,"column":13},"end":{"line":32,"column":null}},"1":{"start":{"line":14,"column":8},"end":{"line":16,"column":null}},"2":{"start":{"line":15,"column":3},"end":{"line":15,"column":null}},"3":{"start":{"line":18,"column":2},"end":{"line":29,"column":null}},"4":{"start":{"line":34,"column":0},"end":{"line":34,"column":null}}},"fnMap":{"0":{"name":"(anonymous_0)","decl":{"start":{"line":12,"column":36},"end":{"line":12,"column":null}},"loc":{"start":{"line":13,"column":50},"end":{"line":31,"column":null}},"line":13},"1":{"name":"(anonymous_1)","decl":{"start":{"line":14,"column":21},"end":{"line":14,"column":35}},"loc":{"start":{"line":14,"column":35},"end":{"line":16,"column":5}},"line":14}},"branchMap":{"0":{"loc":{"start":{"line":15,"column":10},"end":{"line":15,"column":null}},"type":"binary-expr","locations":[{"start":{"line":15,"column":10},"end":{"line":15,"column":38}},{"start":{"line":15,"column":38},"end":{"line":15,"column":null}}],"line":15},"1":{"loc":{"start":{"line":25,"column":7},"end":{"line":25,"column":null}},"type":"binary-expr","locations":[{"start":{"line":25,"column":7},"end":{"line":25,"column":24}},{"start":{"line":25,"column":13},"end":{"line":25,"column":null}}],"line":25}},"s":{"0":0,"1":0,"2":0,"3":0,"4":0},"f":{"0":0,"1":0},"b":{"0":[0,0],"1":[0,0]},"meta":{"lastBranch":2,"lastFunction":2,"lastStatement":5,"seen":{"s:12:13:32:Infinity":0,"f:12:36:12:Infinity":0,"s:14:8:16:Infinity":1,"f:14:21:14:35":1,"s:15:3:15:Infinity":2,"b:15:10:15:38:15:38:15:Infinity":0,"s:18:2:29:Infinity":3,"b:25:7:25:24:25:13:25:Infinity":1,"s:34:0:34:Infinity":4}}}
,"E:\\SkillBox Project\\react\\final-react\\react_project\\Project\\src\\components\\ui\\MovieDetails\\MovieDetails.tsx": {"path":"E:\\SkillBox Project\\react\\final-react\\react_project\\Project\\src\\components\\ui\\MovieDetails\\MovieDetails.tsx","statementMap":{"0":{"start":{"line":10,"column":1},"end":{"line":55,"column":null}}},"fnMap":{"0":{"name":"MovieDetails","decl":{"start":{"line":9,"column":9},"end":{"line":9,"column":22}},"loc":{"start":{"line":9,"column":48},"end":{"line":57,"column":null}},"line":9}},"branchMap":{"0":{"loc":{"start":{"line":23,"column":7},"end":{"line":25,"column":null}},"type":"cond-expr","locations":[{"start":{"line":24,"column":9},"end":{"line":24,"column":null}},{"start":{"line":25,"column":9},"end":{"line":25,"column":null}}],"line":23},"1":{"loc":{"start":{"line":31,"column":7},"end":{"line":33,"column":null}},"type":"cond-expr","locations":[{"start":{"line":32,"column":9},"end":{"line":32,"column":null}},{"start":{"line":33,"column":9},"end":{"line":33,"column":null}}],"line":31},"2":{"loc":{"start":{"line":39,"column":7},"end":{"line":39,"column":null}},"type":"cond-expr","locations":[{"start":{"line":39,"column":26},"end":{"line":39,"column":45}},{"start":{"line":39,"column":45},"end":{"line":39,"column":null}}],"line":39},"3":{"loc":{"start":{"line":45,"column":7},"end":{"line":45,"column":null}},"type":"cond-expr","locations":[{"start":{"line":45,"column":24},"end":{"line":45,"column":41}},{"start":{"line":45,"column":41},"end":{"line":45,"column":null}}],"line":45},"4":{"loc":{"start":{"line":51,"column":7},"end":{"line":51,"column":null}},"type":"cond-expr","locations":[{"start":{"line":51,"column":29},"end":{"line":51,"column":51}},{"start":{"line":51,"column":51},"end":{"line":51,"column":null}}],"line":51}},"s":{"0":0},"f":{"0":0},"b":{"0":[0,0],"1":[0,0],"2":[0,0],"3":[0,0],"4":[0,0]},"meta":{"lastBranch":5,"lastFunction":1,"lastStatement":1,"seen":{"f:9:9:9:22":0,"s:10:1:55:Infinity":0,"b:24:9:24:Infinity:25:9:25:Infinity":0,"b:32:9:32:Infinity:33:9:33:Infinity":1,"b:39:26:39:45:39:45:39:Infinity":2,"b:45:24:45:41:45:41:45:Infinity":3,"b:51:29:51:51:51:51:51:Infinity":4}}}
,"E:\\SkillBox Project\\react\\final-react\\react_project\\Project\\src\\components\\ui\\MoviePoster\\MoviePoster.tsx": {"path":"E:\\SkillBox Project\\react\\final-react\\react_project\\Project\\src\\components\\ui\\MoviePoster\\MoviePoster.tsx","statementMap":{"0":{"start":{"line":21,"column":7},"end":{"line":21,"column":null}},"1":{"start":{"line":23,"column":7},"end":{"line":28,"column":null}},"2":{"start":{"line":25,"column":3},"end":{"line":25,"column":null}},"3":{"start":{"line":30,"column":1},"end":{"line":48,"column":null}},"4":{"start":{"line":42,"column":20},"end":{"line":42,"column":null}}},"fnMap":{"0":{"name":"MoviePoster","decl":{"start":{"line":15,"column":9},"end":{"line":15,"column":21}},"loc":{"start":{"line":20,"column":22},"end":{"line":50,"column":null}},"line":20},"1":{"name":"(anonymous_1)","decl":{"start":{"line":23,"column":18},"end":{"line":23,"column":null}},"loc":{"start":{"line":24,"column":18},"end":{"line":26,"column":null}},"line":24},"2":{"name":"(anonymous_2)","decl":{"start":{"line":42,"column":5},"end":{"line":42,"column":20}},"loc":{"start":{"line":42,"column":20},"end":{"line":42,"column":null}},"line":42}},"branchMap":{"0":{"loc":{"start":{"line":17,"column":1},"end":{"line":17,"column":null}},"type":"default-arg","locations":[{"start":{"line":17,"column":14},"end":{"line":17,"column":null}}],"line":17},"1":{"loc":{"start":{"line":18,"column":1},"end":{"line":18,"column":null}},"type":"default-arg","locations":[{"start":{"line":18,"column":12},"end":{"line":18,"column":null}}],"line":18},"2":{"loc":{"start":{"line":33,"column":5},"end":{"line":38,"column":17}},"type":"cond-expr","locations":[{"start":{"line":34,"column":5},"end":{"line":36,"column":6}},{"start":{"line":36,"column":5},"end":{"line":38,"column":17}}],"line":33},"3":{"loc":{"start":{"line":38,"column":5},"end":{"line":39,"column":null}},"type":"binary-expr","locations":[{"start":{"line":38,"column":5},"end":{"line":38,"column":17}},{"start":{"line":38,"column":17},"end":{"line":38,"column":25}},{"start":{"line":38,"column":25},"end":{"line":39,"column":null}}],"line":38},"4":{"loc":{"start":{"line":40,"column":4},"end":{"line":48,"column":null}},"type":"binary-expr","locations":[{"start":{"line":40,"column":4},"end":{"line":40,"column":null}},{"start":{"line":41,"column":4},"end":{"line":48,"column":null}}],"line":40}},"s":{"0":0,"1":0,"2":0,"3":0,"4":0},"f":{"0":0,"1":0,"2":0},"b":{"0":[0],"1":[0],"2":[0,0],"3":[0,0,0],"4":[0,0]},"meta":{"lastBranch":5,"lastFunction":3,"lastStatement":5,"seen":{"f:15:9:15:21":0,"b:17:14:17:Infinity":0,"b:18:12:18:Infinity":1,"s:21:7:21:Infinity":0,"s:23:7:28:Infinity":1,"f:23:18:23:Infinity":1,"s:25:3:25:Infinity":2,"s:30:1:48:Infinity":3,"b:34:5:36:6:36:5:38:17":2,"b:38:5:38:17:38:17:38:25:38:25:39:Infinity":3,"b:40:4:40:Infinity:41:4:48:Infinity":4,"f:42:5:42:20":2,"s:42:20:42:Infinity":4}}}
,"E:\\SkillBox Project\\react\\final-react\\react_project\\Project\\src\\components\\ui\\MoviePoster\\MoviePosterList.tsx": {"path":"E:\\SkillBox Project\\react\\final-react\\react_project\\Project\\src\\components\\ui\\MoviePoster\\MoviePosterList.tsx","statementMap":{"0":{"start":{"line":17,"column":7},"end":{"line":27,"column":null}},"1":{"start":{"line":18,"column":2},"end":{"line":26,"column":null}},"2":{"start":{"line":19,"column":3},"end":{"line":25,"column":null}},"3":{"start":{"line":29,"column":1},"end":{"line":29,"column":null}}},"fnMap":{"0":{"name":"MoviePosterList","decl":{"start":{"line":12,"column":9},"end":{"line":12,"column":25}},"loc":{"start":{"line":16,"column":26},"end":{"line":30,"column":null}},"line":16},"1":{"name":"(anonymous_1)","decl":{"start":{"line":17,"column":21},"end":{"line":17,"column":35}},"loc":{"start":{"line":17,"column":35},"end":{"line":27,"column":4}},"line":17},"2":{"name":"(anonymous_2)","decl":{"start":{"line":18,"column":14},"end":{"line":18,"column":19}},"loc":{"start":{"line":19,"column":3},"end":{"line":25,"column":null}},"line":19}},"branchMap":{"0":{"loc":{"start":{"line":14,"column":1},"end":{"line":14,"column":null}},"type":"default-arg","locations":[{"start":{"line":14,"column":14},"end":{"line":14,"column":null}}],"line":14},"1":{"loc":{"start":{"line":15,"column":1},"end":{"line":15,"column":null}},"type":"default-arg","locations":[{"start":{"line":15,"column":12},"end":{"line":15,"column":null}}],"line":15}},"s":{"0":0,"1":0,"2":0,"3":0},"f":{"0":0,"1":0,"2":0},"b":{"0":[0],"1":[0]},"meta":{"lastBranch":2,"lastFunction":3,"lastStatement":4,"seen":{"f:12:9:12:25":0,"b:14:14:14:Infinity":0,"b:15:12:15:Infinity":1,"s:17:7:27:Infinity":0,"f:17:21:17:35":1,"s:18:2:26:Infinity":1,"f:18:14:18:19":2,"s:19:3:25:Infinity":2,"s:29:1:29:Infinity":3}}}
,"E:\\SkillBox Project\\react\\final-react\\react_project\\Project\\src\\components\\ui\\RatingBadge\\RatingBadge.tsx": {"path":"E:\\SkillBox Project\\react\\final-react\\react_project\\Project\\src\\components\\ui\\RatingBadge\\RatingBadge.tsx","statementMap":{"0":{"start":{"line":13,"column":1},"end":{"line":19,"column":null}}},"fnMap":{"0":{"name":"RatingBadge","decl":{"start":{"line":12,"column":9},"end":{"line":12,"column":21}},"loc":{"start":{"line":12,"column":73},"end":{"line":21,"column":null}},"line":12}},"branchMap":{"0":{"loc":{"start":{"line":12,"column":31},"end":{"line":12,"column":47}},"type":"default-arg","locations":[{"start":{"line":12,"column":43},"end":{"line":12,"column":47}}],"line":12},"1":{"loc":{"start":{"line":15,"column":66},"end":{"line":15,"column":112}},"type":"cond-expr","locations":[{"start":{"line":15,"column":66},"end":{"line":15,"column":100}},{"start":{"line":15,"column":100},"end":{"line":15,"column":112}}],"line":15},"2":{"loc":{"start":{"line":18,"column":4},"end":{"line":18,"column":null}},"type":"cond-expr","locations":[{"start":{"line":18,"column":13},"end":{"line":18,"column":33}},{"start":{"line":18,"column":33},"end":{"line":18,"column":null}}],"line":18}},"s":{"0":0},"f":{"0":0},"b":{"0":[0],"1":[0,0],"2":[0,0]},"meta":{"lastBranch":3,"lastFunction":1,"lastStatement":1,"seen":{"f:12:9:12:21":0,"b:12:43:12:47":0,"s:13:1:19:Infinity":0,"b:15:66:15:100:15:100:15:112":1,"b:18:13:18:33:18:33:18:Infinity":2}}}
[...]
:4},"end":{"line":25,"column":null}},"15":{"start":{"line":30,"column":3},"end":{"line":34,"column":null}},"16":{"start":{"line":36,"column":1},"end":{"line":44,"column":null}},"17":{"start":{"line":37,"column":2},"end":{"line":39,"column":null}},"18":{"start":{"line":38,"column":3},"end":{"line":38,"column":null}},"19":{"start":{"line":40,"column":2},"end":{"line":42,"column":null}},"20":{"start":{"line":41,"column":3},"end":{"line":41,"column":null}},"21":{"start":{"line":43,"column":2},"end":{"line":43,"column":null}},"22":{"start":{"line":46,"column":1},"end":{"line":48,"column":null}},"23":{"start":{"line":47,"column":2},"end":{"line":47,"column":null}},"24":{"start":{"line":50,"column":1},"end":{"line":50,"column":null}},"25":{"start":{"line":53,"column":6},"end":{"line":72,"column":null}},"26":{"start":{"line":54,"column":51},"end":{"line":61,"column":null}},"27":{"start":{"line":63,"column":22},"end":{"line":63,"column":null}},"28":{"start":{"line":65,"column":1},"end":{"line":69,"column":null}},"29":{"start":{"line":66,"column":2},"end":{"line":68,"column":null}},"30":{"start":{"line":67,"column":3},"end":{"line":67,"column":null}},"31":{"start":{"line":71,"column":1},"end":{"line":71,"column":null}}},"fnMap":{"0":{"name":"(anonymous_0)","decl":{"start":{"line":2,"column":13},"end":{"line":2,"column":32}},"loc":{"start":{"line":2,"column":59},"end":{"line":51,"column":null}},"line":2},"1":{"name":"(anonymous_1)","decl":{"start":{"line":53,"column":6},"end":{"line":53,"column":30}},"loc":{"start":{"line":53,"column":58},"end":{"line":72,"column":null}},"line":53}},"branchMap":{"0":{"loc":{"start":{"line":3,"column":1},"end":{"line":3,"column":null}},"type":"if","locations":[{"start":{"line":3,"column":1},"end":{"line":3,"column":null}},{"start":{},"end":{}}],"line":3},"1":{"loc":{"start":{"line":5,"column":1},"end":{"line":7,"column":null}},"type":"if","locations":[{"start":{"line":5,"column":1},"end":{"line":7,"column":null}},{"start":{},"end":{}}],"line":5},"2":{"loc":{"start":{"line":5,"column":5},"end":{"line":5,"column":50}},"type":"binary-expr","locations":[{"start":{"line":5,"column":5},"end":{"line":5,"column":34}},{"start":{"line":5,"column":34},"end":{"line":5,"column":50}}],"line":5},"3":{"loc":{"start":{"line":12,"column":1},"end":{"line":27,"column":null}},"type":"if","locations":[{"start":{"line":12,"column":1},"end":{"line":27,"column":null}},{"start":{},"end":{}}],"line":12},"4":{"loc":{"start":{"line":13,"column":2},"end":{"line":26,"column":null}},"type":"switch","locations":[{"start":{"line":14,"column":3},"end":{"line":15,"column":null}},{"start":{"line":16,"column":3},"end":{"line":17,"column":null}},{"start":{"line":18,"column":3},"end":{"line":19,"column":null}},{"start":{"line":20,"column":3},"end":{"line":21,"column":null}},{"start":{"line":22,"column":3},"end":{"line":23,"column":null}},{"start":{"line":24,"column":3},"end":{"line":25,"column":null}}],"line":13},"5":{"loc":{"start":{"line":30,"column":3},"end":{"line":34,"column":null}},"type":"binary-expr","locations":[{"start":{"line":30,"column":3},"end":{"line":30,"column":43}},{"start":{"line":30,"column":43},"end":{"line":30,"column":null}},{"start":{"line":31,"column":3},"end":{"line":31,"column":null}},{"start":{"line":32,"column":3},"end":{"line":32,"column":null}},{"start":{"line":33,"column":3},"end":{"line":33,"column":null}},{"start":{"line":34,"column":5},"end":{"line":34,"column":null}}],"line":30},"6":{"loc":{"start":{"line":36,"column":1},"end":{"line":44,"column":null}},"type":"if","locations":[{"start":{"line":36,"column":1},"end":{"line":44,"column":null}},{"start":{},"end":{}}],"line":36},"7":{"loc":{"start":{"line":37,"column":2},"end":{"line":39,"column":null}},"type":"if","locations":[{"start":{"line":37,"column":2},"end":{"line":39,"column":null}},{"start":{},"end":{}}],"line":37},"8":{"loc":{"start":{"line":40,"column":2},"end":{"line":42,"column":null}},"type":"if","locations":[{"start":{"line":40,"column":2},"end":{"line":42,"column":null}},{"start":{},"end":{}}],"line":40},"9":{"loc":{"start":{"line":46,"column":1},"end":{"line":48,"column":null}},"type":"if","locations":[{"start":{"line":46,"column":1},"end":{"line":48,"column":null}},{"start":{},"end":{}}],"line":46},"10":{"loc":{"start":{"line":66,"column":2},"end":{"line":68,"column":null}},"type":"if","locations":[{"start":{"line":66,"column":2},"end":{"line":68,"column":null}},{"start":{},"end":{}}],"line":66}},"s":{"0":0,"1":0,"2":0,"3":0,"4":0,"5":0,"6":0,"7":0,"8":0,"9":0,"10":0,"11":0,"12":0,"13":0,"14":0,"15":0,"16":0,"17":0,"18":0,"19":0,"20":0,"21":0,"22":0,"23":0,"24":0,"25":0,"26":0,"27":0,"28":0,"29":0,"30":0,"31":0},"f":{"0":0,"1":0},"b":{"0":[0,0],"1":[0,0],"2":[0,0],"3":[0,0],"4":[0,0,0,0,0,0],"5":[0,0,0,0,0,0],"6":[0,0],"7":[0,0],"8":[0,0],"9":[0,0],"10":[0,0]},"meta":{"lastBranch":11,"lastFunction":2,"lastStatement":32,"seen":{"s:2:13:51:Infinity":0,"f:2:13:2:32":0,"b:3:1:3:Infinity:undefined:undefined:undefined:undefined":0,"s:3:1:3:Infinity":1,"s:3:32:3:Infinity":2,"b:5:1:7:Infinity:undefined:undefined:undefined:undefined":1,"s:5:1:7:Infinity":3,"b:5:5:5:34:5:34:5:50":2,"s:6:2:6:Infinity":4,"s:9:18:9:Infinity":5,"s:11:16:11:Infinity":6,"b:12:1:27:Infinity:undefined:undefined:undefined:undefined":3,"s:12:1:27:Infinity":7,"b:14:3:15:Infinity:16:3:17:Infinity:18:3:19:Infinity:20:3:21:Infinity:22:3:23:Infinity:24:3:25:Infinity":4,"s:13:2:26:Infinity":8,"s:15:4:15:Infinity":9,"s:17:4:17:Infinity":10,"s:19:4:19:Infinity":11,"s:21:4:21:Infinity":12,"s:23:4:23:Infinity":13,"s:25:4:25:Infinity":14,"s:30:3:34:Infinity":15,"b:30:3:30:43:30:43:30:Infinity:31:3:31:Infinity:32:3:32:Infinity:33:3:33:Infinity:34:5:34:Infinity":5,"b:36:1:44:Infinity:undefined:undefined:undefined:undefined":6,"s:36:1:44:Infinity":16,"b:37:2:39:Infinity:undefined:undefined:undefined:undefined":7,"s:37:2:39:Infinity":17,"s:38:3:38:Infinity":18,"b:40:2:42:Infinity:undefined:undefined:undefined:undefined":8,"s:40:2:42:Infinity":19,"s:41:3:41:Infinity":20,"s:43:2:43:Infinity":21,"b:46:1:48:Infinity:undefined:undefined:undefined:undefined":9,"s:46:1:48:Infinity":22,"s:47:2:47:Infinity":23,"s:50:1:50:Infinity":24,"s:53:6:72:Infinity":25,"f:53:6:53:30":1,"s:54:51:61:Infinity":26,"s:63:22:63:Infinity":27,"s:65:1:69:Infinity":28,"b:66:2:68:Infinity:undefined:undefined:undefined:undefined":10,"s:66:2:68:Infinity":29,"s:67:3:67:Infinity":30,"s:71:1:71:Infinity":31}}}
,"E:\\SkillBox Project\\react\\final-react\\react_project\\Project\\src\\utils\\formatRuntime.ts": {"path":"E:\\SkillBox Project\\react\\final-react\\react_project\\Project\\src\\utils\\formatRuntime.ts","statementMap":{"0":{"start":{"line":1,"column":13},"end":{"line":5,"column":null}},"1":{"start":{"line":2,"column":15},"end":{"line":2,"column":null}},"2":{"start":{"line":3,"column":14},"end":{"line":3,"column":null}},"3":{"start":{"line":4,"column":1},"end":{"line":4,"column":null}}},"fnMap":{"0":{"name":"(anonymous_0)","decl":{"start":{"line":1,"column":13},"end":{"line":1,"column":30}},"loc":{"start":{"line":1,"column":58},"end":{"line":5,"column":null}},"line":1}},"branchMap":{},"s":{"0":1,"1":4,"2":4,"3":4},"f":{"0":4},"b":{},"meta":{"lastBranch":0,"lastFunction":1,"lastStatement":4,"seen":{"s:1:13:5:Infinity":0,"f:1:13:1:30":0,"s:2:15:2:Infinity":1,"s:3:14:3:Infinity":2,"s:4:1:4:Infinity":3}}}
,"E:\\SkillBox Project\\react\\final-react\\react_project\\Project\\src\\utils\\getFioShort.ts": {"path":"E:\\SkillBox Project\\react\\final-react\\react_project\\Project\\src\\utils\\getFioShort.ts","statementMap":{"0":{"start":{"line":2,"column":1},"end":{"line":4,"column":null}},"1":{"start":{"line":3,"column":2},"end":{"line":3,"column":null}},"2":{"start":{"line":6,"column":21},"end":{"line":6,"column":null}},"3":{"start":{"line":7,"column":24},"end":{"line":7,"column":null}},"4":{"start":{"line":9,"column":1},"end":{"line":9,"column":null}}},"fnMap":{"0":{"name":"getFioShort","decl":{"start":{"line":1,"column":16},"end":{"line":1,"column":28}},"loc":{"start":{"line":1,"column":69},"end":{"line":10,"column":null}},"line":1}},"branchMap":{"0":{"loc":{"start":{"line":2,"column":1},"end":{"line":4,"column":null}},"type":"if","locations":[{"start":{"line":2,"column":1},"end":{"line":4,"column":null}},{"start":{},"end":{}}],"line":2},"1":{"loc":{"start":{"line":2,"column":5},"end":{"line":2,"column":24}},"type":"binary-expr","locations":[{"start":{"line":2,"column":5},"end":{"line":2,"column":14}},{"start":{"line":2,"column":14},"end":{"line":2,"column":24}}],"line":2},"2":{"loc":{"start":{"line":6,"column":21},"end":{"line":6,"column":null}},"type":"cond-expr","locations":[{"start":{"line":6,"column":28},"end":{"line":6,"column":59}},{"start":{"line":6,"column":59},"end":{"line":6,"column":null}}],"line":6},"3":{"loc":{"start":{"line":7,"column":24},"end":{"line":7,"column":null}},"type":"cond-expr","locations":[{"start":{"line":7,"column":34},"end":{"line":7,"column":68}},{"start":{"line":7,"column":68},"end":{"line":7,"column":null}}],"line":7}},"s":{"0":5,"1":2,"2":3,"3":5,"4":5},"f":{"0":5},"b":{"0":[2,3],"1":[5,3],"2":[2,1],"3":[2,1]},"meta":{"lastBranch":4,"lastFunction":1,"lastStatement":5,"seen":{"f:1:16:1:28":0,"b:2:1:4:Infinity:undefined:undefined:undefined:undefined":0,"s:2:1:4:Infinity":0,"b:2:5:2:14:2:14:2:24":1,"s:3:2:3:Infinity":1,"s:6:21:6:Infinity":2,"b:6:28:6:59:6:59:6:Infinity":2,"s:7:24:7:Infinity":3,"b:7:34:7:68:7:68:7:Infinity":3,"s:9:1:9:Infinity":4}}}
,"E:\\SkillBox Project\\react\\final-react\\react_project\\Project\\src\\utils\\getLanguageName.ts": {"path":"E:\\SkillBox Project\\react\\final-react\\react_project\\Project\\src\\utils\\getLanguageName.ts","statementMap":{"0":{"start":{"line":3,"column":13},"end":{"line":6,"column":null}},"1":{"start":{"line":4,"column":1},"end":{"line":4,"column":null}},"2":{"start":{"line":4,"column":12},"end":{"line":4,"column":null}},"3":{"start":{"line":5,"column":1},"end":{"line":5,"column":null}}},"fnMap":{"0":{"name":"(anonymous_0)","decl":{"start":{"line":3,"column":13},"end":{"line":3,"column":32}},"loc":{"start":{"line":3,"column":64},"end":{"line":6,"column":null}},"line":3}},"branchMap":{"0":{"loc":{"start":{"line":4,"column":1},"end":{"line":4,"column":null}},"type":"if","locations":[{"start":{"line":4,"column":1},"end":{"line":4,"column":null}},{"start":{},"end":{}}],"line":4},"1":{"loc":{"start":{"line":5,"column":8},"end":{"line":5,"column":null}},"type":"binary-expr","locations":[{"start":{"line":5,"column":8},"end":{"line":5,"column":53}},{"start":{"line":5,"column":53},"end":{"line":5,"column":null}}],"line":5}},"s":{"0":1,"1":7,"2":2,"3":5},"f":{"0":7},"b":{"0":[2,5],"1":[5,2]},"meta":{"lastBranch":2,"lastFunction":1,"lastStatement":4,"seen":{"s:3:13:6:Infinity":0,"f:3:13:3:32":0,"b:4:1:4:Infinity:undefined:undefined:undefined:undefined":0,"s:4:1:4:Infinity":1,"s:4:12:4:Infinity":2,"s:5:1:5:Infinity":3,"b:5:8:5:53:5:53:5:Infinity":1}}}
,"E:\\SkillBox Project\\react\\final-react\\react_project\\Project\\src\\utils\\getRatingColor.ts": {"path":"E:\\SkillBox Project\\react\\final-react\\react_project\\Project\\src\\utils\\getRatingColor.ts","statementMap":{"0":{"start":{"line":1,"column":13},"end":{"line":6,"column":null}},"1":{"start":{"line":2,"column":1},"end":{"line":2,"column":null}},"2":{"start":{"line":2,"column":18},"end":{"line":2,"column":null}},"3":{"start":{"line":3,"column":1},"end":{"line":3,"column":null}},"4":{"start":{"line":3,"column":18},"end":{"line":3,"column":null}},"5":{"start":{"line":4,"column":1},"end":{"line":4,"column":null}},"6":{"start":{"line":4,"column":18},"end":{"line":4,"column":null}},"7":{"start":{"line":5,"column":1},"end":{"line":5,"column":null}}},"fnMap":{"0":{"name":"(anonymous_0)","decl":{"start":{"line":1,"column":13},"end":{"line":1,"column":31}},"loc":{"start":{"line":1,"column":58},"end":{"line":6,"column":null}},"line":1}},"branchMap":{"0":{"loc":{"start":{"line":2,"column":1},"end":{"line":2,"column":null}},"type":"if","locations":[{"start":{"line":2,"column":1},"end":{"line":2,"column":null}},{"start":{},"end":{}}],"line":2},"1":{"loc":{"start":{"line":3,"column":1},"end":{"line":3,"column":null}},"type":"if","locations":[{"start":{"line":3,"column":1},"end":{"line":3,"column":null}},{"start":{},"end":{}}],"line":3},"2":{"loc":{"start":{"line":4,"column":1},"end":{"line":4,"column":null}},"type":"if","locations":[{"start":{"line":4,"column":1},"end":{"line":4,"column":null}},{"start":{},"end":{}}],"line":4}},"s":{"0":1,"1":12,"2":3,"3":9,"4":3,"5":6,"6":6,"7":3},"f":{"0":12},"b":{"0":[3,9],"1":[3,6],"2":[3,3]},"meta":{"lastBranch":3,"lastFunction":1,"lastStatement":8,"seen":{"s:1:13:6:Infinity":0,"f:1:13:1:31":0,"b:2:1:2:Infinity:undefined:undefined:undefined:undefined":0,"s:2:1:2:Infinity":1,"s:2:18:2:Infinity":2,"b:3:1:3:Infinity:undefined:undefined:undefined:undefined":1,"s:3:1:3:Infinity":3,"s:3:18:3:Infinity":4,"b:4:1:4:Infinity:undefined:undefined:undefined:undefined":2,"s:4:1:4:Infinity":5,"s:4:18:4:Infinity":6,"s:5:1:5:Infinity":7}}}
,"E:\\SkillBox Project\\react\\final-react\\react_project\\Project\\src\\utils\\getTrailerUrl.ts": {"path":"E:\\SkillBox Project\\react\\final-react\\react_project\\Project\\src\\utils\\getTrailerUrl.ts","statementMap":{"0":{"start":{"line":5,"column":1},"end":{"line":7,"column":null}},"1":{"start":{"line":6,"column":2},"end":{"line":6,"column":null}},"2":{"start":{"line":9,"column":1},"end":{"line":11,"column":null}},"3":{"start":{"line":10,"column":2},"end":{"line":10,"column":null}},"4":{"start":{"line":15,"column":16},"end":{"line":15,"column":null}},"5":{"start":{"line":16,"column":1},"end":{"line":16,"column":null}}},"fnMap":{"0":{"name":"getTrailerUrl","decl":{"start":{"line":1,"column":16},"end":{"line":1,"column":null}},"loc":{"start":{"line":4,"column":2},"end":{"line":12,"column":null}},"line":4},"1":{"name":"getVideoIdFromWatchUrl","decl":{"start":{"line":14,"column":9},"end":{"line":14,"column":32}},"loc":{"start":{"line":14,"column":45},"end":{"line":17,"column":null}},"line":14}},"branchMap":{"0":{"loc":{"start":{"line":5,"column":1},"end":{"line":7,"column":null}},"type":"if","locations":[{"start":{"line":5,"column":1},"end":{"line":7,"column":null}},{"start":{},"end":{}}],"line":5},"1":{"loc":{"start":{"line":9,"column":1},"end":{"line":11,"column":null}},"type":"if","locations":[{"start":{"line":9,"column":1},"end":{"line":11,"column":null}},{"start":{},"end":{}}],"line":9}},"s":{"0":0,"1":0,"2":0,"3":0,"4":0,"5":0},"f":{"0":0,"1":0},"b":{"0":[0,0],"1":[0,0]},"meta":{"lastBranch":2,"lastFunction":2,"lastStatement":6,"seen":{"f:1:16:1:Infinity":0,"b:5:1:7:Infinity:undefined:undefined:undefined:undefined":0,"s:5:1:7:Infinity":0,"s:6:2:6:Infinity":1,"b:9:1:11:Infinity:undefined:undefined:undefined:undefined":1,"s:9:1:11:Infinity":2,"s:10:2:10:Infinity":3,"f:14:9:14:32":1,"s:15:16:15:Infinity":4,"s:16:1:16:Infinity":5}}}
,"E:\\SkillBox Project\\react\\final-react\\react_project\\Project\\src\\utils\\showUndoNotification.ts": {"path":"E:\\SkillBox Project\\react\\final-react\\react_project\\Project\\src\\utils\\showUndoNotification.ts","statementMap":{"0":{"start":{"line":6,"column":36},"end":{"line":26,"column":null}},"1":{"start":{"line":10,"column":20},"end":{"line":23,"column":null}},"2":{"start":{"line":11,"column":2},"end":{"line":22,"column":null}},"3":{"start":{"line":12,"column":3},"end":{"line":12,"column":null}},"4":{"start":{"line":13,"column":3},"end":{"line":13,"column":null}},"5":{"start":{"line":14,"column":3},"end":{"line":14,"column":null}},"6":{"start":{"line":17,"column":4},"end":{"line":19,"column":null}},"7":{"start":{"line":21,"column":3},"end":{"line":21,"column":null}},"8":{"start":{"line":25,"column":1},"end":{"line":25,"column":null}}},"fnMap":{"0":{"name":"(anonymous_0)","decl":{"start":{"line":6,"column":36},"end":{"line":6,"column":null}},"loc":{"start":{"line":9,"column":5},"end":{"line":26,"column":null}},"line":9},"1":{"name":"(anonymous_1)","decl":{"start":{"line":10,"column":20},"end":{"line":10,"column":32}},"loc":{"start":{"line":10,"column":32},"end":{"line":23,"column":null}},"line":10}},"branchMap":{"0":{"loc":{"start":{"line":17,"column":4},"end":{"line":19,"column":null}},"type":"cond-expr","locations":[{"start":{"line":18,"column":7},"end":{"line":18,"column":null}},{"start":{"line":19,"column":7},"end":{"line":19,"column":null}}],"line":17}},"s":{"0":0,"1":0,"2":0,"3":0,"4":0,"5":0,"6":0,"7":0,"8":0},"f":{"0":0,"1":0},"b":{"0":[0,0]},"meta":{"lastBranch":1,"lastFunction":2,"lastStatement":9,"seen":{"s:6:36:26:Infinity":0,"f:6:36:6:Infinity":0,"s:10:20:23:Infinity":1,"f:10:20:10:32":1,"s:11:2:22:Infinity":2,"s:12:3:12:Infinity":3,"s:13:3:13:Infinity":4,"s:14:3:14:Infinity":5,"s:17:4:19:Infinity":6,"b:18:7:18:Infinity:19:7:19:Infinity":0,"s:21:3:21:Infinity":7,"s:25:1:25:Infinity":8}}}
,"E:\\SkillBox Project\\react\\final-react\\react_project\\Project\\src\\utils\\throttle.ts": {"path":"E:\\SkillBox Project\\react\\final-react\\react_project\\Project\\src\\utils\\throttle.ts","statementMap":{"0":{"start":{"line":1,"column":13},"end":{"line":13,"column":null}},"1":{"start":{"line":6,"column":1},"end":{"line":12,"column":null}},"2":{"start":{"line":7,"column":2},"end":{"line":11,"column":null}},"3":{"start":{"line":8,"column":3},"end":{"line":8,"column":null}},"4":{"start":{"line":9,"column":3},"end":{"line":9,"column":null}},"5":{"start":{"line":10,"column":3},"end":{"line":10,"column":null}},"6":{"start":{"line":10,"column":21},"end":{"line":10,"column":42}}},"fnMap":{"0":{"name":"(anonymous_0)","decl":{"start":{"line":1,"column":13},"end":{"line":1,"column":null}},"loc":{"start":{"line":4,"column":41},"end":{"line":13,"column":null}},"line":4},"1":{"name":"(anonymous_1)","decl":{"start":{"line":6,"column":1},"end":{"line":6,"column":9}},"loc":{"start":{"line":6,"column":42},"end":{"line":12,"column":null}},"line":6},"2":{"name":"(anonymous_2)","decl":{"start":{"line":10,"column":3},"end":{"line":10,"column":21}},"loc":{"start":{"line":10,"column":21},"end":{"line":10,"column":42}},"line":10}},"branchMap":{"0":{"loc":{"start":{"line":7,"column":2},"end":{"line":11,"column":null}},"type":"if","locations":[{"start":{"line":7,"column":2},"end":{"line":11,"column":null}},{"start":{},"end":{}}],"line":7}},"s":{"0":0,"1":0,"2":0,"3":0,"4":0,"5":0,"6":0},"f":{"0":0,"1":0,"2":0},"b":{"0":[0,0]},"meta":{"lastBranch":1,"lastFunction":3,"lastStatement":7,"seen":{"s:1:13:13:Infinity":0,"f:1:13:1:Infinity":0,"s:6:1:12:Infinity":1,"f:6:1:6:9":1,"b:7:2:11:Infinity:undefined:undefined:undefined:undefined":0,"s:7:2:11:Infinity":2,"s:8:3:8:Infinity":3,"s:9:3:9:Infinity":4,"s:10:3:10:Infinity":5,"f:10:3:10:21":2,"s:10:21:10:42":6}}}
,"E:\\SkillBox Project\\react\\final-react\\react_project\\Project\\src\\utils\\toast.ts": {"path":"E:\\SkillBox Project\\react\\final-react\\react_project\\Project\\src\\utils\\toast.ts","statementMap":{"0":{"start":{"line":5,"column":28},"end":{"line":22,"column":null}},"1":{"start":{"line":7,"column":2},"end":{"line":7,"column":null}},"2":{"start":{"line":11,"column":2},"end":{"line":11,"column":null}},"3":{"start":{"line":15,"column":2},"end":{"line":20,"column":null}}},"fnMap":{"0":{"name":"(anonymous_0)","decl":{"start":{"line":6,"column":1},"end":{"line":6,"column":15}},"loc":{"start":{"line":6,"column":35},"end":{"line":8,"column":null}},"line":6},"1":{"name":"(anonymous_1)","decl":{"start":{"line":10,"column":1},"end":{"line":10,"column":13}},"loc":{"start":{"line":10,"column":32},"end":{"line":12,"column":null}},"line":10},"2":{"name":"(anonymous_2)","decl":{"start":{"line":14,"column":1},"end":{"line":14,"column":8}},"loc":{"start":{"line":14,"column":31},"end":{"line":21,"column":null}},"line":14}},"branchMap":{},"s":{"0":0,"1":0,"2":0,"3":0},"f":{"0":0,"1":0,"2":0},"b":{},"meta":{"lastBranch":0,"lastFunction":3,"lastStatement":4,"seen":{"s:5:28:22:Infinity":0,"f:6:1:6:15":0,"s:7:2:7:Infinity":1,"f:10:1:10:13":1,"s:11:2:11:Infinity":2,"f:14:1:14:8":2,"s:15:2:20:Infinity":3}}}
}
